[ NUISANCE ]: Loading DEFAULT config from : /minerva/app/users/jstowell/NUISANCEMC/nuisance/branches/v2r7/parameters/config.xml -> DONE.
[1m[32m[LOG Fitter]: [0mStarting nuiscomp.exe
[ NUISANCE ]: Trying to parse file : ../../allsamples-LOCAL.xml -> Found XML file.
[ NUISANCE ]: Loading XML config from : ../../allsamples-LOCAL.xml -> DONE.
[ NUISANCE ]: Finalising configuration-> DONE.
[ NUISANCE ]: Setting VERBOSITY=5
[ NUISANCE ]: Setting ERROR=2
[1m[32m[LOG Fitter]: [0mSetting up nuiscomp
[1m[32m[LOG Fitter]: [0mNumber of samples : 53
[1m[32m[LOG Fitter]: [0mRead Sample 0. : MINERvA_CCQE_XSec_1DQ2_nu (DEFAULT) [Norm=1]
                                -> input='GENIE:gntp.MINERvA_fhc_numu.CH.2500000.1.ghep.root'
[1m[32m[LOG Fitter]: [0mRead Sample 1. : MINERvA_CCQE_XSec_1DQ2_nu_20deg (DEFAULT) [Norm=1]
                                -> input='GENIE:gntp.MINERvA_fhc_numu.CH.2500000.1.ghep.root'
[1m[32m[LOG Fitter]: [0mRead Sample 2. : MINERvA_CCQE_XSec_1DQ2_antinu (DEFAULT) [Norm=1]
                                -> input='GENIE:gntp.MINERvA_rhc_numubar.CH.2500000.2.ghep.root'
[1m[32m[LOG Fitter]: [0mRead Sample 3. : MINERvA_CCQE_XSec_1DQ2_antinu_20deg (DEFAULT) [Norm=1]
                                -> input='GENIE:gntp.MINERvA_rhc_numubar.CH.2500000.2.ghep.root'
[1m[32m[LOG Fitter]: [0mRead Sample 4. : MINERvA_CCQE_XSec_1DQ2_joint (DEFAULT) [Norm=1]
                                -> input='GENIE:gntp.MINERvA_rhc_numubar.CH.2500000.2.ghep.root;gntp.MINERvA_fhc_numu.CH.2500000.1.ghep.root'
[1m[32m[LOG Fitter]: [0mRead Sample 5. : MINERvA_CCQE_XSec_1DQ2_joint_20deg (DEFAULT) [Norm=1]
                                -> input='GENIE:gntp.MINERvA_rhc_numubar.CH.2500000.2.ghep.root;gntp.MINERvA_fhc_numu.CH.2500000.1.ghep.root'
[1m[32m[LOG Fitter]: [0mRead Sample 6. : MINERvA_CC0pi_XSec_1DQ2_TgtCH_nu (DEFAULT) [Norm=1]
                                -> input='GENIE:gntp.MINERvA_fhc_numu.CH.2500000.1.ghep.root'
[1m[32m[LOG Fitter]: [0mRead Sample 7. : MINERvA_CC0pi_XSec_1DQ2_TgtC_nu (DEFAULT) [Norm=1]
                                -> input='GENIE:gntp.MINERvA_fhc_numu.C.2500000.4.ghep.root'
[1m[32m[LOG Fitter]: [0mRead Sample 8. : MINERvA_CC0pi_XSec_1DQ2_TgtFe_nu (DEFAULT) [Norm=1]
                                -> input='GENIE:gntp.MINERvA_fhc_numu.Fe.2500000.5.ghep.root'
[1m[32m[LOG Fitter]: [0mRead Sample 9. : MINERvA_CC0pi_XSec_1DQ2_TgtPb_nu (DEFAULT) [Norm=1]
                                -> input='GENIE:gntp.MINERvA_fhc_numu.Pb.2500000.6.ghep.root'
[1m[32m[LOG Fitter]: [0mRead Sample 10. : MINERvA_CC0pi_XSec_1DQ2_TgtRatioC_nu (DEFAULT) [Norm=1]
                                -> input='GENIE:gntp.MINERvA_fhc_numu.C.2500000.4.ghep.root;GENIE:gntp.MINERvA_fhc_numu.CH.2500000.1.ghep.root'
[1m[32m[LOG Fitter]: [0mRead Sample 11. : MINERvA_CC0pi_XSec_1DQ2_TgtRatioFe_nu (DEFAULT) [Norm=1]
                                -> input='GENIE:gntp.MINERvA_fhc_numu.Fe.2500000.5.ghep.root;GENIE:gntp.MINERvA_fhc_numu.CH.2500000.1.ghep.root'
[1m[32m[LOG Fitter]: [0mRead Sample 12. : MINERvA_CC0pi_XSec_1DQ2_TgtRatioPb_nu (DEFAULT) [Norm=1]
                                -> input='GENIE:gntp.MINERvA_fhc_numu.Pb.2500000.6.ghep.root;GENIE:gntp.MINERvA_fhc_numu.CH.2500000.1.ghep.root'
[1m[32m[LOG Fitter]: [0mRead Sample 13. : MINERvA_CC0pi_XSec_1DEe_nue (DEFAULT) [Norm=1]
                                -> input='GENIE:gntp.MINERvA_fhc_nuenuebar.CH.2500000.3.ghep.root'
[1m[32m[LOG Fitter]: [0mRead Sample 14. : MINERvA_CC0pi_XSec_1DQ2_nue (DEFAULT) [Norm=1]
                                -> input='GENIE:gntp.MINERvA_fhc_nuenuebar.CH.2500000.3.ghep.root'
[1m[32m[LOG Fitter]: [0mRead Sample 15. : MINERvA_CC0pi_XSec_1DThetae_nue (DEFAULT) [Norm=1]
                                -> input='GENIE:gntp.MINERvA_fhc_nuenuebar.CH.2500000.3.ghep.root'
[1m[32m[LOG Fitter]: [0mRead Sample 16. : MINERvA_CC1pip_XSec_1Dpmu_nu_2017 (DEFAULT) [Norm=1]
                                -> input='GENIE:gntp.MINERvA_fhc_numu.CH.2500000.1.ghep.root'
[1m[32m[LOG Fitter]: [0mRead Sample 17. : MINERvA_CC1pip_XSec_1DTpi_nu_2017 (DEFAULT) [Norm=1]
                                -> input='GENIE:gntp.MINERvA_fhc_numu.CH.2500000.1.ghep.root'
[1m[32m[LOG Fitter]: [0mRead Sample 18. : MINERvA_CC1pip_XSec_1Dth_nu_2017 (DEFAULT) [Norm=1]
                                -> input='GENIE:gntp.MINERvA_fhc_numu.CH.2500000.1.ghep.root'
[1m[32m[LOG Fitter]: [0mRead Sample 19. : MINERvA_CC1pip_XSec_1Dthmu_nu_2017 (DEFAULT) [Norm=1]
                                -> input='GENIE:gntp.MINERvA_fhc_numu.CH.2500000.1.ghep.root'
[1m[32m[LOG Fitter]: [0mRead Sample 20. : MINERvA_CC1pip_XSec_1DQ2_nu_2017 (DEFAULT) [Norm=1]
                                -> input='GENIE:gntp.MINERvA_fhc_numu.CH.2500000.1.ghep.root'
[1m[32m[LOG Fitter]: [0mRead Sample 21. : MINERvA_CC1pip_XSec_1DEnu_nu_2017 (DEFAULT) [Norm=1]
                                -> input='GENIE:gntp.MINERvA_fhc_numu.CH.2500000.1.ghep.root'
[1m[32m[LOG Fitter]: [0mRead Sample 22. : MINERvA_CCNpip_XSec_1Dpmu_nu (DEFAULT) [Norm=1]
                                -> input='GENIE:gntp.MINERvA_fhc_numu.CH.2500000.1.ghep.root'
[1m[32m[LOG Fitter]: [0mRead Sample 23. : MINERvA_CCNpip_XSec_1Dth_nu_2016 (DEFAULT) [Norm=1]
                                -> input='GENIE:gntp.MINERvA_fhc_numu.CH.2500000.1.ghep.root'
[1m[32m[LOG Fitter]: [0mRead Sample 24. : MINERvA_CCNpip_XSec_1DTpi_nu_2016 (DEFAULT) [Norm=1]
                                -> input='GENIE:gntp.MINERvA_fhc_numu.CH.2500000.1.ghep.root'
[1m[32m[LOG Fitter]: [0mRead Sample 25. : MINERvA_CCNpip_XSec_1Dthmu_nu (DEFAULT) [Norm=1]
                                -> input='GENIE:gntp.MINERvA_fhc_numu.CH.2500000.1.ghep.root'
[1m[32m[LOG Fitter]: [0mRead Sample 26. : MINERvA_CCNpip_XSec_1DQ2_nu (DEFAULT) [Norm=1]
                                -> input='GENIE:gntp.MINERvA_fhc_numu.CH.2500000.1.ghep.root'
[1m[32m[LOG Fitter]: [0mRead Sample 27. : MINERvA_CCNpip_XSec_1DEnu_nu (DEFAULT) [Norm=1]
                                -> input='GENIE:gntp.MINERvA_fhc_numu.CH.2500000.1.ghep.root'
[1m[32m[LOG Fitter]: [0mRead Sample 28. : MINERvA_CC1pi0_XSec_1Dth_antinu_2016 (DEFAULT) [Norm=1]
                                -> input='GENIE:gntp.MINERvA_rhc_numubar.CH.2500000.2.ghep.root'
[1m[32m[LOG Fitter]: [0mRead Sample 29. : MINERvA_CC1pi0_XSec_1DTpi0_antinu (DEFAULT) [Norm=1]
                                -> input='GENIE:gntp.MINERvA_rhc_numubar.CH.2500000.2.ghep.root'
[1m[32m[LOG Fitter]: [0mRead Sample 30. : MINERvA_CC1pi0_XSec_1DQ2_antinu (DEFAULT) [Norm=1]
                                -> input='GENIE:gntp.MINERvA_rhc_numubar.CH.2500000.2.ghep.root'
[1m[32m[LOG Fitter]: [0mRead Sample 31. : MINERvA_CC1pi0_XSec_1Dthmu_antinu (DEFAULT) [Norm=1]
                                -> input='GENIE:gntp.MINERvA_rhc_numubar.CH.2500000.2.ghep.root'
[1m[32m[LOG Fitter]: [0mRead Sample 32. : MINERvA_CC1pi0_XSec_1Dpmu_antinu (DEFAULT) [Norm=1]
                                -> input='GENIE:gntp.MINERvA_rhc_numubar.CH.2500000.2.ghep.root'
[1m[32m[LOG Fitter]: [0mRead Sample 33. : MINERvA_CC1pi0_XSec_1DEnu_antinu (DEFAULT) [Norm=1]
                                -> input='GENIE:gntp.MINERvA_rhc_numubar.CH.2500000.2.ghep.root'
[1m[32m[LOG Fitter]: [0mRead Sample 34. : MINERvA_CCinc_XSec_2DEavq3_nu (DEFAULT) [Norm=1]
                                -> input='GENIE:gntp.MINERvA_fhc_numu.CH.2500000.1.ghep.root'
[1m[32m[LOG Fitter]: [0mRead Sample 35. : MINERvA_CCinc_XSec_1Dx_ratio_C12_CH (DEFAULT) [Norm=1]
                                -> input='GENIE:gntp.MINERvA_fhc_numu.C.2500000.4.ghep.root;GENIE:gntp.MINERvA_fhc_numu.CH.2500000.1.ghep.root'
[1m[32m[LOG Fitter]: [0mRead Sample 36. : MINERvA_CCinc_XSec_1Dx_ratio_Fe56_CH (DEFAULT) [Norm=1]
                                -> input='GENIE:gntp.MINERvA_fhc_numu.Fe.2500000.5.ghep.root;GENIE:gntp.MINERvA_fhc_numu.CH.2500000.1.ghep.root'
[1m[32m[LOG Fitter]: [0mRead Sample 37. : MINERvA_CCinc_XSec_1Dx_ratio_Pb208_CH (DEFAULT) [Norm=1]
                                -> input='GENIE:gntp.MINERvA_fhc_numu.Pb.2500000.6.ghep.root;GENIE:gntp.MINERvA_fhc_numu.CH.2500000.1.ghep.root'
[1m[32m[LOG Fitter]: [0mRead Sample 38. : MINERvA_CCinc_XSec_1DEnu_ratio_C12_CH (DEFAULT) [Norm=1]
                                -> input='GENIE:gntp.MINERvA_fhc_numu.C.2500000.4.ghep.root;GENIE:gntp.MINERvA_fhc_numu.CH.2500000.1.ghep.root'
[1m[32m[LOG Fitter]: [0mRead Sample 39. : MINERvA_CCinc_XSec_1DEnu_ratio_Fe56_CH (DEFAULT) [Norm=1]
                                -> input='GENIE:gntp.MINERvA_fhc_numu.Fe.2500000.5.ghep.root;GENIE:gntp.MINERvA_fhc_numu.CH.2500000.1.ghep.root'
[1m[32m[LOG Fitter]: [0mRead Sample 40. : MINERvA_CCinc_XSec_1DEnu_ratio_Pb208_CH (DEFAULT) [Norm=1]
                                -> input='GENIE:gntp.MINERvA_fhc_numu.Pb.2500000.6.ghep.root;GENIE:gntp.MINERvA_fhc_numu.CH.2500000.1.ghep.root'
[1m[32m[LOG Fitter]: [0mRead Sample 41. : MINERvA_CCCOHPI_XSec_1DEpi_nu (DEFAULT) [Norm=1]
                                -> input='GENIE:gntp.MINERvA_fhc_numu.CH.2500000.1.ghep.root'
[1m[32m[LOG Fitter]: [0mRead Sample 42. : MINERvA_CCCOHPI_XSec_1Dth_nu (DEFAULT) [Norm=1]
                                -> input='GENIE:gntp.MINERvA_fhc_numu.CH.2500000.1.ghep.root'
[1m[32m[LOG Fitter]: [0mRead Sample 43. : MINERvA_CCCOHPI_XSec_1DEnu_nu (DEFAULT) [Norm=1]
                                -> input='GENIE:gntp.MINERvA_fhc_numu.CH.2500000.1.ghep.root'
[1m[32m[LOG Fitter]: [0mRead Sample 44. : MINERvA_CCCOHPI_XSec_1DEpi_antinu (DEFAULT) [Norm=1]
                                -> input='GENIE:gntp.MINERvA_rhc_numubar.CH.2500000.2.ghep.root'
[1m[32m[LOG Fitter]: [0mRead Sample 45. : MINERvA_CCCOHPI_XSec_1Dth_antinu (DEFAULT) [Norm=1]
                                -> input='GENIE:gntp.MINERvA_rhc_numubar.CH.2500000.2.ghep.root'
[1m[32m[LOG Fitter]: [0mRead Sample 46. : MINERvA_CCCOHPI_XSec_1DEnu_antinu (DEFAULT) [Norm=1]
                                -> input='GENIE:gntp.MINERvA_rhc_numubar.CH.2500000.2.ghep.root'
[1m[32m[LOG Fitter]: [0mRead Sample 47. : MINERvA_CCDIS_XSec_1Dx_ratio_C12_CH (DEFAULT) [Norm=1]
                                -> input='GENIE:gntp.MINERvA_fhc_numu.C.2500000.4.ghep.root;GENIE:gntp.MINERvA_fhc_numu.CH.2500000.1.ghep.root'
[1m[32m[LOG Fitter]: [0mRead Sample 48. : MINERvA_CCDIS_XSec_1Dx_ratio_Fe56_CH (DEFAULT) [Norm=1]
                                -> input='GENIE:gntp.MINERvA_fhc_numu.Fe.2500000.5.ghep.root;GENIE:gntp.MINERvA_fhc_numu.CH.2500000.1.ghep.root'
[1m[32m[LOG Fitter]: [0mRead Sample 49. : MINERvA_CCDIS_XSec_1Dx_ratio_Pb208_CH (DEFAULT) [Norm=1]
                                -> input='GENIE:gntp.MINERvA_fhc_numu.Pb.2500000.6.ghep.root;GENIE:gntp.MINERvA_fhc_numu.CH.2500000.1.ghep.root'
[1m[32m[LOG Fitter]: [0mRead Sample 50. : MINERvA_CCDIS_XSec_1DEnu_ratio_C12_CH (DEFAULT) [Norm=1]
                                -> input='GENIE:gntp.MINERvA_fhc_numu.C.2500000.4.ghep.root;GENIE:gntp.MINERvA_fhc_numu.CH.2500000.1.ghep.root'
[1m[32m[LOG Fitter]: [0mRead Sample 51. : MINERvA_CCDIS_XSec_1DEnu_ratio_Fe56_CH (DEFAULT) [Norm=1]
                                -> input='GENIE:gntp.MINERvA_fhc_numu.Fe.2500000.5.ghep.root;GENIE:gntp.MINERvA_fhc_numu.CH.2500000.1.ghep.root'
[1m[32m[LOG Fitter]: [0mRead Sample 52. : MINERvA_CCDIS_XSec_1DEnu_ratio_Pb208_CH (DEFAULT) [Norm=1]
                                -> input='GENIE:gntp.MINERvA_fhc_numu.Pb.2500000.6.ghep.root;GENIE:gntp.MINERvA_fhc_numu.CH.2500000.1.ghep.root'
[1m[32m[LOG Fitter]: [0mSetting up FitWeight Engine
[1m[32m[LOG Fitter]: [0mBuilding the SampleFCN
[1m[34m[LOG Minmzr]:- [0mLoading Samples : 53
[1m[34m[LOG Minmzr]:- [0mLoading Sample : MINERvA_CCQE_XSec_1DQ2_nu
[35m[LOG Sample]:-- [0mLoading Sample : MINERvA_CCQE_XSec_1DQ2_nu
[35m[LOG Sample]:-- [0mCreating GENIEInputHandler : MINERvA_CCQE_XSec_1DQ2_nu
		|-> Total Entries    : 2500000
		|-> Event Integral   : 6.55596e-36 events/nucleon
		|-> Flux Integral    : 142.944 /cm2
		|-> Event/Flux       : 4.5864e-38 cm2/nucleon


********************************************************************************************************
********************************************************************************************************
**                                                                                                    **
**   .oooooo.    oooooooooooo ooooo      ooo ooooo oooooooooooo                                       **
**  d8P'  `Y8b   `888'     `8 `888b.     `8' `888' `888'     `8      NEUTRINO MONTE CARLO GENERATOR   **
** 888            888          8 `88b.    8   888   888                                               **
** 888            888oooo8     8   `88b.  8   888   888oooo8              Version 2.12.6              **
** 888     ooooo  888    "     8     `88b.8   888   888    "                                          **
** `88.    .88'   888       o  8       `888   888   888       o         http://www.genie-mc.org       **
**  `Y8bood8P'   o888ooooood8 o8o        `8  o888o o888ooooood8                                       **
**                                                                                                    **
**                                                                                                    **
**              Luis Alvarez-Ruso [8], Costas Andreopoulos (*) [2,5], Christopher Barry [2],          **
**   Francis Bench [2], Steve Dennis [2], Steve Dytman [3], Hugh Gallagher [7], Tomasz Golan [1,4],   **
**         Robert Hatcher [1], Rhiannon Jones [2], Libo Jiang [3], Anselmo Meregaglia [6],            **
**                      Donna Naples [3], Gabriel Perdue [1], Marco Roda [2],                         **
**                                Jeremy Wolcott [7], Julia Yarba [1]                                 **
**                                                                                                    **
**                                     (The GENIE Collaboration)                                      **
**                                                                                                    **
**                          (1) Fermi National Accelerator Laboratory, USA                            **
**                                 (2) University of Liverpool, UK                                    **
**                                (3) University of Pittsburgh, USA                                   **
**                                 (4) University of Rochester, USA                                   **
**                             (5) STFC Rutherford Appleton Laboratory UK                             **
**                                   (6) Strasbourg IPHC, France                                      **
**                                    (7) Tufts University, USA                                       **
**                                 (8) University of Valencia, Spain                                  **
**                                                                                                    **
**                                                                                                    **
** (*) Corresponding Author: Dr. Costas Andreopoulos  <costas.andreopoulos \at stfc.ac.uk>            **
**      -----------------------------------------------------------------                             **
**     | University of Liverpool  |  STFC Rutherford Appleton Laboratory |                            **
**     | Physics Department       |  Particle Physics Department         |                            **
**     | Oliver Lodge Lab 316     |  Harwell Oxford Campus, R1 2.89      |                            **
**     | Liverpool L69 7ZE, UK    |  Oxfordshire OX11 0QX, UK            |                            **
**     | +44-(0)1517-943201 (tel) |  +44-(0)1235-445091 (tel)            |                            **
**      -----------------------------------------------------------------                             **
**                                                                                                    **
** (c) 2003-2017 GENIE Collaboration                                                                  **
**                                                                                                    **
** This program is free software: you can redistribute it and/or modify it under the terms of         **
** the GNU General Public License as published by the Free Software Foundation, either version 3 of   **
** the License, or any later version.                                                                 **
** This program is distributed in the hope that it will be useful, but WITHOUT ANY WARRANTY;          **
** without even the implied warranty of MERCHANTABILITY or FITNESS FOR A PARTICULAR PURPOSE.          **
** See the GNU General Public License for more details.                                               **
** You should have received a copy of the GNU General Public License along with this program.         **
** If not, see <http://www.gnu.org/licenses/>.                                                        **
********************************************************************************************************
********************************************************************************************************


1502374653 NOTICE Messenger : [s] <SetPrioritiesFromXmlFile (158)> : Reading msg stream priorities from XML file: /cvmfs/minerva.opensciencegrid.org/minerva/NUISANCE_080117/genie/R-2_12_6/genie-R-2_12_6-build-2017-08-01/config/Messenger.xml
[35m[LOG Sample]:-- [0mRegistered MINERvA_CCQE_XSec_1DQ2_nu with EventManager.
[35m[LOG Sample]:-- [0mFinalising Sample Settings: MINERvA_CCQE_XSec_1DQ2_nu
[35m[LOG Sample]:-- [0mReading data from text file: /minerva/app/users/jstowell/NUISANCEMC/nuisance/branches/v2r7/data//MINERvA/CCQE/Q2QE_numu_data_fluxfix.txt
[35m[LOG Sample]:-- [0mReading covariance from text file: /minerva/app/users/jstowell/NUISANCEMC/nuisance/branches/v2r7/data//MINERvA/CCQE/Q2QE_numu_covar_fluxfix.txt
[35m[LOG Sample]:-- [0mFinalising Measurement: MINERvA_CCQE_XSec_1DQ2_nu
[1m[34m[LOG Minmzr]:- [0mLoading Sample : MINERvA_CCQE_XSec_1DQ2_nu_20deg
[35m[LOG Sample]:-- [0mLoading Sample : MINERvA_CCQE_XSec_1DQ2_nu_20deg
[35m[LOG Sample]:-- [0mEvent manager already contains gntp.MINERvA_fhc_numu.CH.2500000.1.ghep.root
[35m[LOG Sample]:-- [0mFinalising Sample Settings: MINERvA_CCQE_XSec_1DQ2_nu_20deg
[35m[LOG Sample]:-- [0mReading data from text file: /minerva/app/users/jstowell/NUISANCEMC/nuisance/branches/v2r7/data//MINERvA/CCQE/20deg_Q2QE_numu_data_fluxfix.txt
[35m[LOG Sample]:-- [0mReading data correlations from text file: /minerva/app/users/jstowell/NUISANCEMC/nuisance/branches/v2r7/data//MINERvA/CCQE/20deg_Q2QE_numu_covar_fluxfix.txt;8
[35m[LOG Sample]:-- [0mFinalising Measurement: MINERvA_CCQE_XSec_1DQ2_nu_20deg
[1m[34m[LOG Minmzr]:- [0mLoading Sample : MINERvA_CCQE_XSec_1DQ2_antinu
[35m[LOG Sample]:-- [0mLoading Sample : MINERvA_CCQE_XSec_1DQ2_antinu
[35m[LOG Sample]:-- [0mCreating GENIEInputHandler : MINERvA_CCQE_XSec_1DQ2_antinu
		|-> Total Entries    : 2500000
		|-> Event Integral   : 2.32166e-36 events/nucleon
		|-> Flux Integral    : 115.615 /cm2
		|-> Event/Flux       : 2.00809e-38 cm2/nucleon
[35m[LOG Sample]:-- [0mRegistered MINERvA_CCQE_XSec_1DQ2_antinu with EventManager.
[35m[LOG Sample]:-- [0mFinalising Sample Settings: MINERvA_CCQE_XSec_1DQ2_antinu
[35m[LOG Sample]:-- [0mReading data from text file: /minerva/app/users/jstowell/NUISANCEMC/nuisance/branches/v2r7/data//MINERvA/CCQE/Q2QE_numubar_data_fluxfix.txt
[35m[LOG Sample]:-- [0mReading data correlations from text file: /minerva/app/users/jstowell/NUISANCEMC/nuisance/branches/v2r7/data//MINERvA/CCQE/Q2QE_numubar_covar_fluxfix.txt;8
[35m[LOG Sample]:-- [0mFinalising Measurement: MINERvA_CCQE_XSec_1DQ2_antinu
[1m[34m[LOG Minmzr]:- [0mLoading Sample : MINERvA_CCQE_XSec_1DQ2_antinu_20deg
[35m[LOG Sample]:-- [0mLoading Sample : MINERvA_CCQE_XSec_1DQ2_antinu_20deg
[35m[LOG Sample]:-- [0mEvent manager already contains gntp.MINERvA_rhc_numubar.CH.2500000.2.ghep.root
[35m[LOG Sample]:-- [0mFinalising Sample Settings: MINERvA_CCQE_XSec_1DQ2_antinu_20deg
[35m[LOG Sample]:-- [0mReading data from text file: /minerva/app/users/jstowell/NUISANCEMC/nuisance/branches/v2r7/data//MINERvA/CCQE/20deg_Q2QE_numubar_data_fluxfix.txt
[35m[LOG Sample]:-- [0mReading data correlations from text file: /minerva/app/users/jstowell/NUISANCEMC/nuisance/branches/v2r7/data//MINERvA/CCQE/20deg_Q2QE_numubar_covar_fluxfix.txt;8
[35m[LOG Sample]:-- [0mFinalising Measurement: MINERvA_CCQE_XSec_1DQ2_antinu_20deg
[1m[34m[LOG Minmzr]:- [0mLoading Sample : MINERvA_CCQE_XSec_1DQ2_joint
[35m[LOG Sample]:-- [0mLoading Sample : MINERvA_CCQE_XSec_1DQ2_joint
Finalising sample settings for joint fit = 1
[35m[LOG Sample]:-- [0mFinalising Sample Settings: MINERvA_CCQE_XSec_1DQ2_joint
[35m[LOG Sample]:-- [0mFinalised Sample Settings
[35m[LOG Sample]:-- [0mReading data from text file: /minerva/app/users/jstowell/NUISANCEMC/nuisance/branches/v2r7/data//MINERvA/CCQE/Q2QE_joint_data_fluxfix.txt
[35m[LOG Sample]:-- [0mReading covariance from text file: /minerva/app/users/jstowell/NUISANCEMC/nuisance/branches/v2r7/data//MINERvA/CCQE/Q2QE_joint_covar_fluxfix.txt
Error in <TDecompChol::Decompose()>: matrix not positive definite
[35m[LOG Sample]:-- [0mLoading Sample : MINERvA_CCQE_XSec_1DQ2_antinu_newflux
[35m[LOG Sample]:-- [0mEvent manager already contains gntp.MINERvA_rhc_numubar.CH.2500000.2.ghep.root
[35m[LOG Sample]:-- [0mFinalising Sample Settings: MINERvA_CCQE_XSec_1DQ2_antinu_newflux
[35m[LOG Sample]:-- [0mReading data from text file: /minerva/app/users/jstowell/NUISANCEMC/nuisance/branches/v2r7/data//MINERvA/CCQE/Q2QE_numubar_data_fluxfix.txt
[35m[LOG Sample]:-- [0mReading data correlations from text file: /minerva/app/users/jstowell/NUISANCEMC/nuisance/branches/v2r7/data//MINERvA/CCQE/Q2QE_numubar_covar_fluxfix.txt;8
[35m[LOG Sample]:-- [0mFinalising Measurement: MINERvA_CCQE_XSec_1DQ2_antinu_newflux
[35m[LOG Sample]:-- [0mLoading Sample : MINERvA_CCQE_XSec_1DQ2_nu_newflux
[35m[LOG Sample]:-- [0mEvent manager already contains gntp.MINERvA_fhc_numu.CH.2500000.1.ghep.root
[35m[LOG Sample]:-- [0mFinalising Sample Settings: MINERvA_CCQE_XSec_1DQ2_nu_newflux
[35m[LOG Sample]:-- [0mReading data from text file: /minerva/app/users/jstowell/NUISANCEMC/nuisance/branches/v2r7/data//MINERvA/CCQE/Q2QE_numu_data_fluxfix.txt
[35m[LOG Sample]:-- [0mReading covariance from text file: /minerva/app/users/jstowell/NUISANCEMC/nuisance/branches/v2r7/data//MINERvA/CCQE/Q2QE_numu_covar_fluxfix.txt
[35m[LOG Sample]:-- [0mFinalising Measurement: MINERvA_CCQE_XSec_1DQ2_nu_newflux
[35m[LOG Sample]:-- [0mFinalising Measurement: MINERvA_CCQE_XSec_1DQ2_joint
[1m[34m[LOG Minmzr]:- [0mLoading Sample : MINERvA_CCQE_XSec_1DQ2_joint_20deg
[35m[LOG Sample]:-- [0mLoading Sample : MINERvA_CCQE_XSec_1DQ2_joint_20deg
Finalising sample settings for joint fit = 1
[35m[LOG Sample]:-- [0mFinalising Sample Settings: MINERvA_CCQE_XSec_1DQ2_joint_20deg
[35m[LOG Sample]:-- [0mFinalised Sample Settings
[35m[LOG Sample]:-- [0mReading data from text file: /minerva/app/users/jstowell/NUISANCEMC/nuisance/branches/v2r7/data//MINERvA/CCQE/20deg_Q2QE_joint_data_fluxfix.txt
[35m[LOG Sample]:-- [0mReading data correlations from text file: /minerva/app/users/jstowell/NUISANCEMC/nuisance/branches/v2r7/data//MINERvA/CCQE/20deg_Q2QE_joint_covar_fluxfix.txt;16
[35m[LOG Sample]:-- [0mLoading Sample : MINERvA_CCQE_XSec_1DQ2_antinu_20deg_newflux
[35m[LOG Sample]:-- [0mEvent manager already contains gntp.MINERvA_rhc_numubar.CH.2500000.2.ghep.root
[35m[LOG Sample]:-- [0mFinalising Sample Settings: MINERvA_CCQE_XSec_1DQ2_antinu_20deg_newflux
[35m[LOG Sample]:-- [0mReading data from text file: /minerva/app/users/jstowell/NUISANCEMC/nuisance/branches/v2r7/data//MINERvA/CCQE/20deg_Q2QE_numubar_data_fluxfix.txt
[35m[LOG Sample]:-- [0mReading data correlations from text file: /minerva/app/users/jstowell/NUISANCEMC/nuisance/branches/v2r7/data//MINERvA/CCQE/20deg_Q2QE_numubar_covar_fluxfix.txt;8
[35m[LOG Sample]:-- [0mFinalising Measurement: MINERvA_CCQE_XSec_1DQ2_antinu_20deg_newflux
[35m[LOG Sample]:-- [0mLoading Sample : MINERvA_CCQE_XSec_1DQ2_nu_20deg_newflux
[35m[LOG Sample]:-- [0mEvent manager already contains gntp.MINERvA_fhc_numu.CH.2500000.1.ghep.root
[35m[LOG Sample]:-- [0mFinalising Sample Settings: MINERvA_CCQE_XSec_1DQ2_nu_20deg_newflux
[35m[LOG Sample]:-- [0mReading data from text file: /minerva/app/users/jstowell/NUISANCEMC/nuisance/branches/v2r7/data//MINERvA/CCQE/20deg_Q2QE_numu_data_fluxfix.txt
[35m[LOG Sample]:-- [0mReading data correlations from text file: /minerva/app/users/jstowell/NUISANCEMC/nuisance/branches/v2r7/data//MINERvA/CCQE/20deg_Q2QE_numu_covar_fluxfix.txt;8
[35m[LOG Sample]:-- [0mFinalising Measurement: MINERvA_CCQE_XSec_1DQ2_nu_20deg_newflux
[35m[LOG Sample]:-- [0mFinalising Measurement: MINERvA_CCQE_XSec_1DQ2_joint_20deg
[1m[34m[LOG Minmzr]:- [0mLoading Sample : MINERvA_CC0pi_XSec_1DQ2_TgtCH_nu
[35m[LOG Sample]:-- [0mLoading Sample : MINERvA_CC0pi_XSec_1DQ2_TgtCH_nu
[35m[LOG Sample]:-- [0mEvent manager already contains gntp.MINERvA_fhc_numu.CH.2500000.1.ghep.root
[35m[LOG Sample]:-- [0mFinalising Sample Settings: MINERvA_CC0pi_XSec_1DQ2_TgtCH_nu
[35m[LOG Sample]:-- [0mReading data from text file: /minerva/app/users/jstowell/NUISANCEMC/nuisance/branches/v2r7/data//MINERvA/CC0pi/Q2_Tgt_C_data.txt
[35m[LOG Sample]:-- [0mReading data correlations from text file: /minerva/app/users/jstowell/NUISANCEMC/nuisance/branches/v2r7/data//MINERvA/CC0pi/Q2_Tgt_C_covar.txt;5
[35m[LOG Sample]:-- [0mFinalising Measurement: MINERvA_CC0pi_XSec_1DQ2_TgtCH_nu
[1m[34m[LOG Minmzr]:- [0mLoading Sample : MINERvA_CC0pi_XSec_1DQ2_TgtC_nu
[35m[LOG Sample]:-- [0mLoading Sample : MINERvA_CC0pi_XSec_1DQ2_TgtC_nu
[35m[LOG Sample]:-- [0mCreating GENIEInputHandler : MINERvA_CC0pi_XSec_1DQ2_TgtC_nu
		|-> Total Entries    : 2500000
		|-> Event Integral   : 6.70333e-36 events/nucleon
		|-> Flux Integral    : 142.944 /cm2
		|-> Event/Flux       : 4.6895e-38 cm2/nucleon
[35m[LOG Sample]:-- [0mRegistered MINERvA_CC0pi_XSec_1DQ2_TgtC_nu with EventManager.
[35m[LOG Sample]:-- [0mFinalising Sample Settings: MINERvA_CC0pi_XSec_1DQ2_TgtC_nu
[35m[LOG Sample]:-- [0mReading data from text file: /minerva/app/users/jstowell/NUISANCEMC/nuisance/branches/v2r7/data//MINERvA/CC0pi/Q2_Tgt_C_data.txt
[35m[LOG Sample]:-- [0mReading data correlations from text file: /minerva/app/users/jstowell/NUISANCEMC/nuisance/branches/v2r7/data//MINERvA/CC0pi/Q2_Tgt_C_covar.txt;5
[35m[LOG Sample]:-- [0mFinalising Measurement: MINERvA_CC0pi_XSec_1DQ2_TgtC_nu
[1m[34m[LOG Minmzr]:- [0mLoading Sample : MINERvA_CC0pi_XSec_1DQ2_TgtFe_nu
[35m[LOG Sample]:-- [0mLoading Sample : MINERvA_CC0pi_XSec_1DQ2_TgtFe_nu
[35m[LOG Sample]:-- [0mCreating GENIEInputHandler : MINERvA_CC0pi_XSec_1DQ2_TgtFe_nu
		|-> Total Entries    : 2500000
		|-> Event Integral   : 6.84007e-36 events/nucleon
		|-> Flux Integral    : 142.944 /cm2
		|-> Event/Flux       : 4.78515e-38 cm2/nucleon
[35m[LOG Sample]:-- [0mRegistered MINERvA_CC0pi_XSec_1DQ2_TgtFe_nu with EventManager.
[35m[LOG Sample]:-- [0mFinalising Sample Settings: MINERvA_CC0pi_XSec_1DQ2_TgtFe_nu
[35m[LOG Sample]:-- [0mReading data from text file: /minerva/app/users/jstowell/NUISANCEMC/nuisance/branches/v2r7/data//MINERvA/CC0pi/Q2_Tgt_Fe_data.txt
[35m[LOG Sample]:-- [0mReading data correlations from text file: /minerva/app/users/jstowell/NUISANCEMC/nuisance/branches/v2r7/data//MINERvA/CC0pi/Q2_Tgt_Fe_covar.txt;5
[35m[LOG Sample]:-- [0mFinalising Measurement: MINERvA_CC0pi_XSec_1DQ2_TgtFe_nu
[1m[34m[LOG Minmzr]:- [0mLoading Sample : MINERvA_CC0pi_XSec_1DQ2_TgtPb_nu
[35m[LOG Sample]:-- [0mLoading Sample : MINERvA_CC0pi_XSec_1DQ2_TgtPb_nu
[35m[LOG Sample]:-- [0mCreating GENIEInputHandler : MINERvA_CC0pi_XSec_1DQ2_TgtPb_nu
		|-> Total Entries    : 2500000
		|-> Event Integral   : 7.10403e-36 events/nucleon
		|-> Flux Integral    : 142.944 /cm2
		|-> Event/Flux       : 4.96982e-38 cm2/nucleon
[35m[LOG Sample]:-- [0mRegistered MINERvA_CC0pi_XSec_1DQ2_TgtPb_nu with EventManager.
[35m[LOG Sample]:-- [0mFinalising Sample Settings: MINERvA_CC0pi_XSec_1DQ2_TgtPb_nu
[35m[LOG Sample]:-- [0mReading data from text file: /minerva/app/users/jstowell/NUISANCEMC/nuisance/branches/v2r7/data//MINERvA/CC0pi/Q2_Tgt_Pb_data.txt
[35m[LOG Sample]:-- [0mReading data correlations from text file: /minerva/app/users/jstowell/NUISANCEMC/nuisance/branches/v2r7/data//MINERvA/CC0pi/Q2_Tgt_Pb_covar.txt;5
[35m[LOG Sample]:-- [0mFinalising Measurement: MINERvA_CC0pi_XSec_1DQ2_TgtPb_nu
[1m[34m[LOG Minmzr]:- [0mLoading Sample : MINERvA_CC0pi_XSec_1DQ2_TgtRatioC_nu
[35m[LOG Sample]:-- [0mLoading Sample : MINERvA_CC0pi_XSec_1DQ2_TgtRatioC_nu
[35m[LOG Sample]:-- [0mFinalising Sample Settings: MINERvA_CC0pi_XSec_1DQ2_TgtRatioC_nu
[35m[LOG Sample]:-- [0mFinalised Sample Settings
[35m[LOG Sample]:-- [0mReading data from text file: /minerva/app/users/jstowell/NUISANCEMC/nuisance/branches/v2r7/data//MINERvA/CC0pi/Q2_TgtRatio_C_data.txt
[35m[LOG Sample]:-- [0mReading data correlations from text file: /minerva/app/users/jstowell/NUISANCEMC/nuisance/branches/v2r7/data//MINERvA/CC0pi/Q2_TgtRatio_C_covar.txt;5
[35m[LOG Sample]:-- [0mLoading Sample : MINERvA_CC0pi_XSec_1DQ2_TgtC_nu
[35m[LOG Sample]:-- [0mEvent manager already contains gntp.MINERvA_fhc_numu.C.2500000.4.ghep.root
[35m[LOG Sample]:-- [0mFinalising Sample Settings: MINERvA_CC0pi_XSec_1DQ2_TgtC_nu
[35m[LOG Sample]:-- [0mReading data from text file: /minerva/app/users/jstowell/NUISANCEMC/nuisance/branches/v2r7/data//MINERvA/CC0pi/Q2_Tgt_C_data.txt
[35m[LOG Sample]:-- [0mReading data correlations from text file: /minerva/app/users/jstowell/NUISANCEMC/nuisance/branches/v2r7/data//MINERvA/CC0pi/Q2_Tgt_C_covar.txt;5
[35m[LOG Sample]:-- [0mFinalising Measurement: MINERvA_CC0pi_XSec_1DQ2_TgtC_nu
[35m[LOG Sample]:-- [0mLoading Sample : MINERvA_CC0pi_XSec_1DQ2_TgtCH_nu
[35m[LOG Sample]:-- [0mEvent manager already contains gntp.MINERvA_fhc_numu.CH.2500000.1.ghep.root
[35m[LOG Sample]:-- [0mFinalising Sample Settings: MINERvA_CC0pi_XSec_1DQ2_TgtCH_nu
[35m[LOG Sample]:-- [0mReading data from text file: /minerva/app/users/jstowell/NUISANCEMC/nuisance/branches/v2r7/data//MINERvA/CC0pi/Q2_Tgt_C_data.txt
Warning in <TFile::Append>: Replacing existing TH1: MINERvA_CC0pi_XSec_1DQ2_TgtCH_nu_data (Potential memory leak).
[35m[LOG Sample]:-- [0mReading data correlations from text file: /minerva/app/users/jstowell/NUISANCEMC/nuisance/branches/v2r7/data//MINERvA/CC0pi/Q2_Tgt_C_covar.txt;5
[35m[LOG Sample]:-- [0mFinalising Measurement: MINERvA_CC0pi_XSec_1DQ2_TgtCH_nu
[35m[LOG Sample]:-- [0mFinalising Measurement: MINERvA_CC0pi_XSec_1DQ2_TgtRatioC_nu
[1m[34m[LOG Minmzr]:- [0mLoading Sample : MINERvA_CC0pi_XSec_1DQ2_TgtRatioFe_nu
[35m[LOG Sample]:-- [0mLoading Sample : MINERvA_CC0pi_XSec_1DQ2_TgtRatioFe_nu
[35m[LOG Sample]:-- [0mFinalising Sample Settings: MINERvA_CC0pi_XSec_1DQ2_TgtRatioFe_nu
[35m[LOG Sample]:-- [0mFinalised Sample Settings
[35m[LOG Sample]:-- [0mReading data from text file: /minerva/app/users/jstowell/NUISANCEMC/nuisance/branches/v2r7/data//MINERvA/CC0pi/Q2_TgtRatio_Fe_data.txt
[35m[LOG Sample]:-- [0mReading data correlations from text file: /minerva/app/users/jstowell/NUISANCEMC/nuisance/branches/v2r7/data//MINERvA/CC0pi/Q2_TgtRatio_Fe_covar.txt;5
[35m[LOG Sample]:-- [0mLoading Sample : MINERvA_CC0pi_XSec_1DQ2_TgtFe_nu
[35m[LOG Sample]:-- [0mEvent manager already contains gntp.MINERvA_fhc_numu.Fe.2500000.5.ghep.root
[35m[LOG Sample]:-- [0mFinalising Sample Settings: MINERvA_CC0pi_XSec_1DQ2_TgtFe_nu
[35m[LOG Sample]:-- [0mReading data from text file: /minerva/app/users/jstowell/NUISANCEMC/nuisance/branches/v2r7/data//MINERvA/CC0pi/Q2_Tgt_Fe_data.txt
[35m[LOG Sample]:-- [0mReading data correlations from text file: /minerva/app/users/jstowell/NUISANCEMC/nuisance/branches/v2r7/data//MINERvA/CC0pi/Q2_Tgt_Fe_covar.txt;5
[35m[LOG Sample]:-- [0mFinalising Measurement: MINERvA_CC0pi_XSec_1DQ2_TgtFe_nu
[35m[LOG Sample]:-- [0mLoading Sample : MINERvA_CC0pi_XSec_1DQ2_TgtCH_nu
[35m[LOG Sample]:-- [0mEvent manager already contains gntp.MINERvA_fhc_numu.CH.2500000.1.ghep.root
[35m[LOG Sample]:-- [0mFinalising Sample Settings: MINERvA_CC0pi_XSec_1DQ2_TgtCH_nu
[35m[LOG Sample]:-- [0mReading data from text file: /minerva/app/users/jstowell/NUISANCEMC/nuisance/branches/v2r7/data//MINERvA/CC0pi/Q2_Tgt_C_data.txt
Warning in <TFile::Append>: Replacing existing TH1: MINERvA_CC0pi_XSec_1DQ2_TgtCH_nu_data (Potential memory leak).
[35m[LOG Sample]:-- [0mReading data correlations from text file: /minerva/app/users/jstowell/NUISANCEMC/nuisance/branches/v2r7/data//MINERvA/CC0pi/Q2_Tgt_C_covar.txt;5
[35m[LOG Sample]:-- [0mFinalising Measurement: MINERvA_CC0pi_XSec_1DQ2_TgtCH_nu
[35m[LOG Sample]:-- [0mFinalising Measurement: MINERvA_CC0pi_XSec_1DQ2_TgtRatioFe_nu
[1m[34m[LOG Minmzr]:- [0mLoading Sample : MINERvA_CC0pi_XSec_1DQ2_TgtRatioPb_nu
[35m[LOG Sample]:-- [0mLoading Sample : MINERvA_CC0pi_XSec_1DQ2_TgtRatioPb_nu
[35m[LOG Sample]:-- [0mFinalising Sample Settings: MINERvA_CC0pi_XSec_1DQ2_TgtRatioPb_nu
[35m[LOG Sample]:-- [0mFinalised Sample Settings
[35m[LOG Sample]:-- [0mReading data from text file: /minerva/app/users/jstowell/NUISANCEMC/nuisance/branches/v2r7/data//MINERvA/CC0pi/Q2_TgtRatio_Pb_data.txt
[35m[LOG Sample]:-- [0mReading data correlations from text file: /minerva/app/users/jstowell/NUISANCEMC/nuisance/branches/v2r7/data//MINERvA/CC0pi/Q2_TgtRatio_Pb_covar.txt;5
[35m[LOG Sample]:-- [0mLoading Sample : MINERvA_CC0pi_XSec_1DQ2_TgtPb_nu
[35m[LOG Sample]:-- [0mEvent manager already contains gntp.MINERvA_fhc_numu.Pb.2500000.6.ghep.root
[35m[LOG Sample]:-- [0mFinalising Sample Settings: MINERvA_CC0pi_XSec_1DQ2_TgtPb_nu
[35m[LOG Sample]:-- [0mReading data from text file: /minerva/app/users/jstowell/NUISANCEMC/nuisance/branches/v2r7/data//MINERvA/CC0pi/Q2_Tgt_Pb_data.txt
[35m[LOG Sample]:-- [0mReading data correlations from text file: /minerva/app/users/jstowell/NUISANCEMC/nuisance/branches/v2r7/data//MINERvA/CC0pi/Q2_Tgt_Pb_covar.txt;5
[35m[LOG Sample]:-- [0mFinalising Measurement: MINERvA_CC0pi_XSec_1DQ2_TgtPb_nu
[35m[LOG Sample]:-- [0mLoading Sample : MINERvA_CC0pi_XSec_1DQ2_TgtCH_nu
[35m[LOG Sample]:-- [0mEvent manager already contains gntp.MINERvA_fhc_numu.CH.2500000.1.ghep.root
[35m[LOG Sample]:-- [0mFinalising Sample Settings: MINERvA_CC0pi_XSec_1DQ2_TgtCH_nu
[35m[LOG Sample]:-- [0mReading data from text file: /minerva/app/users/jstowell/NUISANCEMC/nuisance/branches/v2r7/data//MINERvA/CC0pi/Q2_Tgt_C_data.txt
Warning in <TFile::Append>: Replacing existing TH1: MINERvA_CC0pi_XSec_1DQ2_TgtCH_nu_data (Potential memory leak).
[35m[LOG Sample]:-- [0mReading data correlations from text file: /minerva/app/users/jstowell/NUISANCEMC/nuisance/branches/v2r7/data//MINERvA/CC0pi/Q2_Tgt_C_covar.txt;5
[35m[LOG Sample]:-- [0mFinalising Measurement: MINERvA_CC0pi_XSec_1DQ2_TgtCH_nu
[35m[LOG Sample]:-- [0mFinalising Measurement: MINERvA_CC0pi_XSec_1DQ2_TgtRatioPb_nu
[1m[34m[LOG Minmzr]:- [0mLoading Sample : MINERvA_CC0pi_XSec_1DEe_nue
[35m[LOG Sample]:-- [0mLoading Sample : MINERvA_CC0pi_XSec_1DEe_nue
[35m[LOG Sample]:-- [0mCreating GENIEInputHandler : MINERvA_CC0pi_XSec_1DEe_nue
		|-> Total Entries    : 2500000
		|-> Event Integral   : 2.18233e-37 events/nucleon
		|-> Flux Integral    : 2.39256 /cm2
		|-> Event/Flux       : 9.1213e-38 cm2/nucleon
[35m[LOG Sample]:-- [0mRegistered MINERvA_CC0pi_XSec_1DEe_nue with EventManager.
[35m[LOG Sample]:-- [0mFinalising Sample Settings: MINERvA_CC0pi_XSec_1DEe_nue
[35m[LOG Sample]:-- [0mReading data from root file: /minerva/app/users/jstowell/NUISANCEMC/nuisance/branches/v2r7/data//MINERvA/CC0pi/MINERvA_CC0pi_nue_Data_ARX1509_05729.root;Data_1DEe;
[35m[LOG Sample]:-- [0mReading covariance from text file: /minerva/app/users/jstowell/NUISANCEMC/nuisance/branches/v2r7/data//MINERvA/CC0pi/MINERvA_CC0pi_nue_Data_ARX1509_05729.root;Covar_1DEe;
[35m[LOG Sample]:-- [0mFinalising Measurement: MINERvA_CC0pi_XSec_1DEe_nue
[1m[34m[LOG Minmzr]:- [0mLoading Sample : MINERvA_CC0pi_XSec_1DQ2_nue
[35m[LOG Sample]:-- [0mLoading Sample : MINERvA_CC0pi_XSec_1DQ2_nue
[35m[LOG Sample]:-- [0mEvent manager already contains gntp.MINERvA_fhc_nuenuebar.CH.2500000.3.ghep.root
[35m[LOG Sample]:-- [0mFinalising Sample Settings: MINERvA_CC0pi_XSec_1DQ2_nue
[35m[LOG Sample]:-- [0mReading data from root file: /minerva/app/users/jstowell/NUISANCEMC/nuisance/branches/v2r7/data//MINERvA/CC0pi/MINERvA_CC0pi_nue_Data_ARX1509_05729.root;Data_1DQ2;
[35m[LOG Sample]:-- [0mReading covariance from text file: /minerva/app/users/jstowell/NUISANCEMC/nuisance/branches/v2r7/data//MINERvA/CC0pi/MINERvA_CC0pi_nue_Data_ARX1509_05729.root;Covar_1DQ2;
[35m[LOG Sample]:-- [0mFinalising Measurement: MINERvA_CC0pi_XSec_1DQ2_nue
[1m[34m[LOG Minmzr]:- [0mLoading Sample : MINERvA_CC0pi_XSec_1DThetae_nue
[35m[LOG Sample]:-- [0mLoading Sample : MINERvA_CC0pi_XSec_1DThetae_nue
[35m[LOG Sample]:-- [0mEvent manager already contains gntp.MINERvA_fhc_nuenuebar.CH.2500000.3.ghep.root
[35m[LOG Sample]:-- [0mFinalising Sample Settings: MINERvA_CC0pi_XSec_1DThetae_nue
[35m[LOG Sample]:-- [0mReading data from root file: /minerva/app/users/jstowell/NUISANCEMC/nuisance/branches/v2r7/data//MINERvA/CC0pi/MINERvA_CC0pi_nue_Data_ARX1509_05729.root;Data_1DThetae;
[35m[LOG Sample]:-- [0mReading covariance from text file: /minerva/app/users/jstowell/NUISANCEMC/nuisance/branches/v2r7/data//MINERvA/CC0pi/MINERvA_CC0pi_nue_Data_ARX1509_05729.root;Covar_1DThetae;
[35m[LOG Sample]:-- [0mFinalising Measurement: MINERvA_CC0pi_XSec_1DThetae_nue
[1m[34m[LOG Minmzr]:- [0mLoading Sample : MINERvA_CC1pip_XSec_1Dpmu_nu_2017
[35m[LOG Sample]:-- [0mLoading Sample : MINERvA_CC1pip_XSec_1Dpmu_nu_2017
[35m[LOG Sample]:-- [0mEvent manager already contains gntp.MINERvA_fhc_numu.CH.2500000.1.ghep.root
[35m[LOG Sample]:-- [0mFinalising Sample Settings: MINERvA_CC1pip_XSec_1Dpmu_nu_2017
[35m[LOG Sample]:-- [0mReading data from text file: /minerva/app/users/jstowell/NUISANCEMC/nuisance/branches/v2r7/data/MINERvA/CC1pip/070717/cc1pip_updated_1Dpmu_data.txt
[35m[LOG Sample]:-- [0mReading data correlations from text file: /minerva/app/users/jstowell/NUISANCEMC/nuisance/branches/v2r7/data/MINERvA/CC1pip/070717/cc1pip_updated_1Dpmu_ratecov.txt;8
[35m[LOG Sample]:-- [0mFinalising Measurement: MINERvA_CC1pip_XSec_1Dpmu_nu_2017
[1m[34m[LOG Minmzr]:- [0mLoading Sample : MINERvA_CC1pip_XSec_1DTpi_nu_2017
[35m[LOG Sample]:-- [0mLoading Sample : MINERvA_CC1pip_XSec_1DTpi_nu_2017
[35m[LOG Sample]:-- [0mEvent manager already contains gntp.MINERvA_fhc_numu.CH.2500000.1.ghep.root
[35m[LOG Sample]:-- [0mFinalising Sample Settings: MINERvA_CC1pip_XSec_1DTpi_nu_2017
[35m[LOG Sample]:-- [0mReading data from text file: /minerva/app/users/jstowell/NUISANCEMC/nuisance/branches/v2r7/data/MINERvA/CC1pip/070717/cc1pip_updated_1DTpi_data.txt
[35m[LOG Sample]:-- [0mReading data correlations from text file: /minerva/app/users/jstowell/NUISANCEMC/nuisance/branches/v2r7/data/MINERvA/CC1pip/070717/cc1pip_updated_1DTpi_ratecov.txt;7
[35m[LOG Sample]:-- [0mFinalising Measurement: MINERvA_CC1pip_XSec_1DTpi_nu_2017
[1m[34m[LOG Minmzr]:- [0mLoading Sample : MINERvA_CC1pip_XSec_1Dth_nu_2017
[35m[LOG Sample]:-- [0mLoading Sample : MINERvA_CC1pip_XSec_1Dth_nu_2017
[35m[LOG Sample]:-- [0mEvent manager already contains gntp.MINERvA_fhc_numu.CH.2500000.1.ghep.root
[35m[LOG Sample]:-- [0mFinalising Sample Settings: MINERvA_CC1pip_XSec_1Dth_nu_2017
[35m[LOG Sample]:-- [0mReading data from text file: /minerva/app/users/jstowell/NUISANCEMC/nuisance/branches/v2r7/data/MINERvA/CC1pip/070717/cc1pip_updated_1Dth_data.txt
[35m[LOG Sample]:-- [0mReading data correlations from text file: /minerva/app/users/jstowell/NUISANCEMC/nuisance/branches/v2r7/data/MINERvA/CC1pip/070717/cc1pip_updated_1Dth_ratecov.txt;14
[35m[LOG Sample]:-- [0mFinalising Measurement: MINERvA_CC1pip_XSec_1Dth_nu_2017
[1m[34m[LOG Minmzr]:- [0mLoading Sample : MINERvA_CC1pip_XSec_1Dthmu_nu_2017
[35m[LOG Sample]:-- [0mLoading Sample : MINERvA_CC1pip_XSec_1Dthmu_nu_2017
[35m[LOG Sample]:-- [0mEvent manager already contains gntp.MINERvA_fhc_numu.CH.2500000.1.ghep.root
[35m[LOG Sample]:-- [0mFinalising Sample Settings: MINERvA_CC1pip_XSec_1Dthmu_nu_2017
[35m[LOG Sample]:-- [0mReading data from text file: /minerva/app/users/jstowell/NUISANCEMC/nuisance/branches/v2r7/data/MINERvA/CC1pip/070717/cc1pip_updated_1Dthmu_data.txt
[35m[LOG Sample]:-- [0mReading data correlations from text file: /minerva/app/users/jstowell/NUISANCEMC/nuisance/branches/v2r7/data/MINERvA/CC1pip/070717/cc1pip_updated_1Dthmu_ratecov.txt;9
[35m[LOG Sample]:-- [0mFinalising Measurement: MINERvA_CC1pip_XSec_1Dthmu_nu_2017
[1m[34m[LOG Minmzr]:- [0mLoading Sample : MINERvA_CC1pip_XSec_1DQ2_nu_2017
[35m[LOG Sample]:-- [0mLoading Sample : MINERvA_CC1pip_XSec_1DQ2_nu_2017
[35m[LOG Sample]:-- [0mEvent manager already contains gntp.MINERvA_fhc_numu.CH.2500000.1.ghep.root
[35m[LOG Sample]:-- [0mFinalising Sample Settings: MINERvA_CC1pip_XSec_1DQ2_nu_2017
[35m[LOG Sample]:-- [0mReading data from text file: /minerva/app/users/jstowell/NUISANCEMC/nuisance/branches/v2r7/data/MINERvA/CC1pip/070717/cc1pip_updated_1DQ2_data.txt
[35m[LOG Sample]:-- [0mReading data correlations from text file: /minerva/app/users/jstowell/NUISANCEMC/nuisance/branches/v2r7/data/MINERvA/CC1pip/070717/cc1pip_updated_1DQ2_ratecov.txt;8
[35m[LOG Sample]:-- [0mFinalising Measurement: MINERvA_CC1pip_XSec_1DQ2_nu_2017
[1m[34m[LOG Minmzr]:- [0mLoading Sample : MINERvA_CC1pip_XSec_1DEnu_nu_2017
[35m[LOG Sample]:-- [0mLoading Sample : MINERvA_CC1pip_XSec_1DEnu_nu_2017
[35m[LOG Sample]:-- [0mEvent manager already contains gntp.MINERvA_fhc_numu.CH.2500000.1.ghep.root
[35m[LOG Sample]:-- [0mFinalising Sample Settings: MINERvA_CC1pip_XSec_1DEnu_nu_2017
[35m[LOG Sample]:-- [0m::MINERvA_CC1pip_XSec_1DEnu_nu_2017::
[35m[LOG Sample]:-- [0mFound XSec Enu measurement, applying flux integrated scaling, not flux averaged!
[35m[LOG Sample]:-- [0mReading data from text file: /minerva/app/users/jstowell/NUISANCEMC/nuisance/branches/v2r7/data/MINERvA/CC1pip/070717/cc1pip_updated_1DEnu_data.txt
[35m[LOG Sample]:-- [0mReading data correlations from text file: /minerva/app/users/jstowell/NUISANCEMC/nuisance/branches/v2r7/data/MINERvA/CC1pip/070717/cc1pip_updated_1DEnu_ratecov.txt;8
Error in <TDecompChol::Decompose()>: matrix not positive definite
[35m[LOG Sample]:-- [0mFinalising Measurement: MINERvA_CC1pip_XSec_1DEnu_nu_2017
[1m[34m[LOG Minmzr]:- [0mLoading Sample : MINERvA_CCNpip_XSec_1Dpmu_nu
[35m[LOG Sample]:-- [0mLoading Sample : MINERvA_CCNpip_XSec_1Dpmu_nu
[35m[LOG Sample]:-- [0mEvent manager already contains gntp.MINERvA_fhc_numu.CH.2500000.1.ghep.root
[35m[LOG Sample]:-- [0mFinalising Sample Settings: MINERvA_CCNpip_XSec_1Dpmu_nu
[35m[LOG Sample]:-- [0mReading data from text file: /minerva/app/users/jstowell/NUISANCEMC/nuisance/branches/v2r7/data//MINERvA/CCNpip/2016/nu-ccNpi+-xsec-muon-momentum.csv
[35m[LOG Sample]:-- [0mReading data correlations from text file: /minerva/app/users/jstowell/NUISANCEMC/nuisance/branches/v2r7/data//MINERvA/CCNpip/2016/nu-ccNpi+-correlation-muon-momentum.csv;9
[35m[LOG Sample]:-- [0mFinalising Measurement: MINERvA_CCNpip_XSec_1Dpmu_nu
[1m[34m[LOG Minmzr]:- [0mLoading Sample : MINERvA_CCNpip_XSec_1Dth_nu_2016
[35m[LOG Sample]:-- [0mLoading Sample : MINERvA_CCNpip_XSec_1Dth_nu_2016
[35m[LOG Sample]:-- [0mEvent manager already contains gntp.MINERvA_fhc_numu.CH.2500000.1.ghep.root
[35m[LOG Sample]:-- [0mFinalising Sample Settings: MINERvA_CCNpip_XSec_1Dth_nu_2016
[35m[LOG Sample]:-- [0mReading data from text file: /minerva/app/users/jstowell/NUISANCEMC/nuisance/branches/v2r7/data/MINERvA/CCNpip/2016/nu-ccNpi+-xsec-pion-angle.csv
[35m[LOG Sample]:-- [0mReading data correlations from text file: /minerva/app/users/jstowell/NUISANCEMC/nuisance/branches/v2r7/data/MINERvA/CCNpip/2016/nu-ccNpi+-correlation-pion-angle.csv;14
[35m[LOG Sample]:-- [0mFinalising Measurement: MINERvA_CCNpip_XSec_1Dth_nu_2016
[1m[34m[LOG Minmzr]:- [0mLoading Sample : MINERvA_CCNpip_XSec_1DTpi_nu_2016
[35m[LOG Sample]:-- [0mLoading Sample : MINERvA_CCNpip_XSec_1DTpi_nu_2016
[35m[LOG Sample]:-- [0mEvent manager already contains gntp.MINERvA_fhc_numu.CH.2500000.1.ghep.root
[35m[LOG Sample]:-- [0mFinalising Sample Settings: MINERvA_CCNpip_XSec_1DTpi_nu_2016
[35m[LOG Sample]:-- [0mReading data from text file: /minerva/app/users/jstowell/NUISANCEMC/nuisance/branches/v2r7/data/MINERvA/CCNpip/2016/nu-ccNpi+-xsec-pion-kinetic-energy.csv
[35m[LOG Sample]:-- [0mReading data correlations from text file: /minerva/app/users/jstowell/NUISANCEMC/nuisance/branches/v2r7/data/MINERvA/CCNpip/2016/nu-ccNpi+-correlation-pion-kinetic-energy.csv;7
[35m[LOG Sample]:-- [0mFinalising Measurement: MINERvA_CCNpip_XSec_1DTpi_nu_2016
[1m[34m[LOG Minmzr]:- [0mLoading Sample : MINERvA_CCNpip_XSec_1Dthmu_nu
[35m[LOG Sample]:-- [0mLoading Sample : MINERvA_CCNpip_XSec_1Dthmu_nu
[35m[LOG Sample]:-- [0mEvent manager already contains gntp.MINERvA_fhc_numu.CH.2500000.1.ghep.root
[35m[LOG Sample]:-- [0mFinalising Sample Settings: MINERvA_CCNpip_XSec_1Dthmu_nu
[35m[LOG Sample]:-- [0mReading data from text file: /minerva/app/users/jstowell/NUISANCEMC/nuisance/branches/v2r7/data//MINERvA/CCNpip/2016/nu-ccNpi+-xsec-muon-theta.csv
[35m[LOG Sample]:-- [0mReading data correlations from text file: /minerva/app/users/jstowell/NUISANCEMC/nuisance/branches/v2r7/data//MINERvA/CCNpip/2016/nu-ccNpi+-correlation-muon-angle.csv;9
[35m[LOG Sample]:-- [0mFinalising Measurement: MINERvA_CCNpip_XSec_1Dthmu_nu
[1m[34m[LOG Minmzr]:- [0mLoading Sample : MINERvA_CCNpip_XSec_1DQ2_nu
[35m[LOG Sample]:-- [0mLoading Sample : MINERvA_CCNpip_XSec_1DQ2_nu
[35m[LOG Sample]:-- [0mEvent manager already contains gntp.MINERvA_fhc_numu.CH.2500000.1.ghep.root
[35m[LOG Sample]:-- [0mFinalising Sample Settings: MINERvA_CCNpip_XSec_1DQ2_nu
[35m[LOG Sample]:-- [0mReading data from text file: /minerva/app/users/jstowell/NUISANCEMC/nuisance/branches/v2r7/data//MINERvA/CCNpip/2016/nu-ccNpi+-xsec-q2.csv
[35m[LOG Sample]:-- [0mReading data correlations from text file: /minerva/app/users/jstowell/NUISANCEMC/nuisance/branches/v2r7/data//MINERvA/CCNpip/2016/nu-ccNpi+-correlation-q2.csv;8
[35m[LOG Sample]:-- [0mFinalising Measurement: MINERvA_CCNpip_XSec_1DQ2_nu
[1m[34m[LOG Minmzr]:- [0mLoading Sample : MINERvA_CCNpip_XSec_1DEnu_nu
[35m[LOG Sample]:-- [0mLoading Sample : MINERvA_CCNpip_XSec_1DEnu_nu
[35m[LOG Sample]:-- [0mEvent manager already contains gntp.MINERvA_fhc_numu.CH.2500000.1.ghep.root
[35m[LOG Sample]:-- [0mFinalising Sample Settings: MINERvA_CCNpip_XSec_1DEnu_nu
[35m[LOG Sample]:-- [0m::MINERvA_CCNpip_XSec_1DEnu_nu::
[35m[LOG Sample]:-- [0mFound XSec Enu measurement, applying flux integrated scaling, not flux averaged!
[35m[LOG Sample]:-- [0mReading data from text file: /minerva/app/users/jstowell/NUISANCEMC/nuisance/branches/v2r7/data//MINERvA/CCNpip/2016/nu-ccNpi+-xsec-enu.csv
[35m[LOG Sample]:-- [0mReading data correlations from text file: /minerva/app/users/jstowell/NUISANCEMC/nuisance/branches/v2r7/data//MINERvA/CCNpip/2016/nu-ccNpi+-correlation-enu.csv;8
[35m[LOG Sample]:-- [0mFinalising Measurement: MINERvA_CCNpip_XSec_1DEnu_nu
[1m[34m[LOG Minmzr]:- [0mLoading Sample : MINERvA_CC1pi0_XSec_1Dth_antinu_2016
[35m[LOG Sample]:-- [0mLoading Sample : MINERvA_CC1pi0_XSec_1Dth_antinu_2016
[35m[LOG Sample]:-- [0mEvent manager already contains gntp.MINERvA_rhc_numubar.CH.2500000.2.ghep.root
[35m[LOG Sample]:-- [0mFinalising Sample Settings: MINERvA_CC1pi0_XSec_1Dth_antinu_2016
[35m[LOG Sample]:-- [0mReading data from text file: /minerva/app/users/jstowell/NUISANCEMC/nuisance/branches/v2r7/data/MINERvA/CC1pi0/2016/anu-cc1pi0-xsec-pion-angle.csv
[35m[LOG Sample]:-- [0mReading data correlations from text file: /minerva/app/users/jstowell/NUISANCEMC/nuisance/branches/v2r7/data/MINERvA/CC1pi0/2016/anu-cc1pi0-correlation-pion-angle.csv;11
[35m[LOG Sample]:-- [0mFinalising Measurement: MINERvA_CC1pi0_XSec_1Dth_antinu_2016
[1m[34m[LOG Minmzr]:- [0mLoading Sample : MINERvA_CC1pi0_XSec_1DTpi0_antinu
[35m[LOG Sample]:-- [0mLoading Sample : MINERvA_CC1pi0_XSec_1DTpi0_antinu
[35m[LOG Sample]:-- [0mEvent manager already contains gntp.MINERvA_rhc_numubar.CH.2500000.2.ghep.root
[35m[LOG Sample]:-- [0mFinalising Sample Settings: MINERvA_CC1pi0_XSec_1DTpi0_antinu
[35m[LOG Sample]:-- [0mReading data from text file: /minerva/app/users/jstowell/NUISANCEMC/nuisance/branches/v2r7/data/MINERvA/CC1pi0/2016/anu-cc1pi0-xsec-pion-kinetic-energy.csv
[35m[LOG Sample]:-- [0mReading data correlations from text file: /minerva/app/users/jstowell/NUISANCEMC/nuisance/branches/v2r7/data/MINERvA/CC1pi0/2016/anu-cc1pi0-correlation-pion-kinetic-energy.csv;7
[35m[LOG Sample]:-- [0mFinalising Measurement: MINERvA_CC1pi0_XSec_1DTpi0_antinu
[1m[34m[LOG Minmzr]:- [0mLoading Sample : MINERvA_CC1pi0_XSec_1DQ2_antinu
[35m[LOG Sample]:-- [0mLoading Sample : MINERvA_CC1pi0_XSec_1DQ2_antinu
[35m[LOG Sample]:-- [0mEvent manager already contains gntp.MINERvA_rhc_numubar.CH.2500000.2.ghep.root
[35m[LOG Sample]:-- [0mFinalising Sample Settings: MINERvA_CC1pi0_XSec_1DQ2_antinu
[35m[LOG Sample]:-- [0mReading data from text file: /minerva/app/users/jstowell/NUISANCEMC/nuisance/branches/v2r7/data/MINERvA/CC1pi0/2016/anu-cc1pi0-xsec-q2.csv
[35m[LOG Sample]:-- [0mReading data correlations from text file: /minerva/app/users/jstowell/NUISANCEMC/nuisance/branches/v2r7/data/MINERvA/CC1pi0/2016/anu-cc1pi0-correlation-q2.csv;8
[35m[LOG Sample]:-- [0mFinalising Measurement: MINERvA_CC1pi0_XSec_1DQ2_antinu
[1m[34m[LOG Minmzr]:- [0mLoading Sample : MINERvA_CC1pi0_XSec_1Dthmu_antinu
[35m[LOG Sample]:-- [0mLoading Sample : MINERvA_CC1pi0_XSec_1Dthmu_antinu
[35m[LOG Sample]:-- [0mEvent manager already contains gntp.MINERvA_rhc_numubar.CH.2500000.2.ghep.root
[35m[LOG Sample]:-- [0mFinalising Sample Settings: MINERvA_CC1pi0_XSec_1Dthmu_antinu
[35m[LOG Sample]:-- [0mReading data from text file: /minerva/app/users/jstowell/NUISANCEMC/nuisance/branches/v2r7/data/MINERvA/CC1pi0/2016/anu-cc1pi0-xsec-muon-angle.csv
[35m[LOG Sample]:-- [0mReading data correlations from text file: /minerva/app/users/jstowell/NUISANCEMC/nuisance/branches/v2r7/data/MINERvA/CC1pi0/2016/anu-cc1pi0-correlation-muon-angle.csv;9
[35m[LOG Sample]:-- [0mFinalising Measurement: MINERvA_CC1pi0_XSec_1Dthmu_antinu
[1m[34m[LOG Minmzr]:- [0mLoading Sample : MINERvA_CC1pi0_XSec_1Dpmu_antinu
[35m[LOG Sample]:-- [0mLoading Sample : MINERvA_CC1pi0_XSec_1Dpmu_antinu
[35m[LOG Sample]:-- [0mEvent manager already contains gntp.MINERvA_rhc_numubar.CH.2500000.2.ghep.root
[35m[LOG Sample]:-- [0mFinalising Sample Settings: MINERvA_CC1pi0_XSec_1Dpmu_antinu
[35m[LOG Sample]:-- [0mReading data from text file: /minerva/app/users/jstowell/NUISANCEMC/nuisance/branches/v2r7/data/MINERvA/CC1pi0/2016/anu-cc1pi0-xsec-muon-momentum.csv
[35m[LOG Sample]:-- [0mReading data correlations from text file: /minerva/app/users/jstowell/NUISANCEMC/nuisance/branches/v2r7/data/MINERvA/CC1pi0/2016/anu-cc1pi0-correlation-muon-momentum.csv;9
[35m[LOG Sample]:-- [0mFinalising Measurement: MINERvA_CC1pi0_XSec_1Dpmu_antinu
[1m[34m[LOG Minmzr]:- [0mLoading Sample : MINERvA_CC1pi0_XSec_1DEnu_antinu
[35m[LOG Sample]:-- [0mLoading Sample : MINERvA_CC1pi0_XSec_1DEnu_antinu
[35m[LOG Sample]:-- [0mEvent manager already contains gntp.MINERvA_rhc_numubar.CH.2500000.2.ghep.root
[35m[LOG Sample]:-- [0mFinalising Sample Settings: MINERvA_CC1pi0_XSec_1DEnu_antinu
[35m[LOG Sample]:-- [0m::MINERvA_CC1pi0_XSec_1DEnu_antinu::
[35m[LOG Sample]:-- [0mFound XSec Enu measurement, applying flux integrated scaling, not flux averaged!
[35m[LOG Sample]:-- [0mReading data from text file: /minerva/app/users/jstowell/NUISANCEMC/nuisance/branches/v2r7/data/MINERvA/CC1pi0/2016/anu-cc1pi0-xsec-enu.csv
[35m[LOG Sample]:-- [0mReading data correlations from text file: /minerva/app/users/jstowell/NUISANCEMC/nuisance/branches/v2r7/data/MINERvA/CC1pi0/2016/anu-cc1pi0-correlation-enu.csv;8
[35m[LOG Sample]:-- [0mFinalising Measurement: MINERvA_CC1pi0_XSec_1DEnu_antinu
[1m[34m[LOG Minmzr]:- [0mLoading Sample : MINERvA_CCinc_XSec_2DEavq3_nu
[35m[LOG Sample]:-- [0mLoading Sample : MINERvA_CCinc_XSec_2DEavq3_nu
[35m[LOG Sample]:-- [0mEvent manager already contains gntp.MINERvA_fhc_numu.CH.2500000.1.ghep.root
[35m[LOG Sample]:-- [0mFinalising Sample Settings: MINERvA_CCinc_XSec_2DEavq3_nu
[35m[LOG Sample]:-- [0mCreating Data Histogram dim : 7 17
[35m[LOG Sample]:-- [0mSetting data values from text file
[35m[LOG Sample]:-- [0m -> Filling values from read hist.
[35m[LOG Sample]:-- [0m --> Done
[35m[LOG Sample]:-- [0mReading map from: /minerva/app/users/jstowell/NUISANCEMC/nuisance/branches/v2r7/data//MINERvA/CCEavq3/map_2D.txt
[35m[LOG Sample]:-- [0mReading cholesky from text file: /minerva/app/users/jstowell/NUISANCEMC/nuisance/branches/v2r7/data//MINERvA/CCEavq3/covar_2D.txt 67
0x55eccc0 0x5610490 0x55f0590 1e-38
[35m[LOG Sample]:-- [0mFinalising Measurement: MINERvA_CCinc_XSec_2DEavq3_nu
[1m[34m[LOG Minmzr]:- [0mLoading Sample : MINERvA_CCinc_XSec_1Dx_ratio_C12_CH
[35m[LOG Sample]:-- [0mLoading Sample : MINERvA_CCinc_XSec_1Dx_ratio_C12_CH
[35m[LOG Sample]:-- [0mFinalising Sample Settings: MINERvA_CCinc_XSec_1Dx_ratio_C12_CH
[35m[LOG Sample]:-- [0mFinalised Sample Settings
[35m[LOG Sample]:-- [0mReading data from text file: /minerva/app/users/jstowell/NUISANCEMC/nuisance/branches/v2r7/data//MINERvA/CCinc/CCinc_C12_CH_ratio_x_data.csv
[35m[LOG Sample]:-- [0mReading data correlations from text file: /minerva/app/users/jstowell/NUISANCEMC/nuisance/branches/v2r7/data//MINERvA/CCinc/CCinc_C12_CH_ratio_x_covar.csv;6
[35m[LOG Sample]:-- [0mLoading Sample : MINERvA_CCinc_XSec_1Dx_C12_CH_NUM
[35m[LOG Sample]:-- [0mEvent manager already contains gntp.MINERvA_fhc_numu.C.2500000.4.ghep.root
[35m[LOG Sample]:-- [0mFinalising Sample Settings: MINERvA_CCinc_XSec_1Dx_C12_CH_NUM
[35m[LOG Sample]:-- [0mReading smearing matrix from file: /minerva/app/users/jstowell/NUISANCEMC/nuisance/branches/v2r7/data//MINERvA/CCinc/CCinc_C12_x_smear.csv
[35m[LOG Sample]:-- [0mFinalising Measurement: MINERvA_CCinc_XSec_1Dx_C12_CH_NUM
[35m[LOG Sample]:-- [0mSetting diagonal covariance for: MINERvA_CCinc_XSec_1Dx_C12_CH_NUM_data
[35m[LOG Sample]:-- [0mLoading Sample : MINERvA_CCinc_XSec_1Dx_C12_CH_DEN
[35m[LOG Sample]:-- [0mEvent manager already contains gntp.MINERvA_fhc_numu.CH.2500000.1.ghep.root
[35m[LOG Sample]:-- [0mFinalising Sample Settings: MINERvA_CCinc_XSec_1Dx_C12_CH_DEN
[35m[LOG Sample]:-- [0mReading smearing matrix from file: /minerva/app/users/jstowell/NUISANCEMC/nuisance/branches/v2r7/data//MINERvA/CCinc/CCinc_CH_x_smear.csv
[35m[LOG Sample]:-- [0mFinalising Measurement: MINERvA_CCinc_XSec_1Dx_C12_CH_DEN
[35m[LOG Sample]:-- [0mSetting diagonal covariance for: MINERvA_CCinc_XSec_1Dx_C12_CH_DEN_data
[35m[LOG Sample]:-- [0mFinalising Measurement: MINERvA_CCinc_XSec_1Dx_ratio_C12_CH
[1m[34m[LOG Minmzr]:- [0mLoading Sample : MINERvA_CCinc_XSec_1Dx_ratio_Fe56_CH
[35m[LOG Sample]:-- [0mLoading Sample : MINERvA_CCinc_XSec_1Dx_ratio_Fe56_CH
[35m[LOG Sample]:-- [0mFinalising Sample Settings: MINERvA_CCinc_XSec_1Dx_ratio_Fe56_CH
[35m[LOG Sample]:-- [0mFinalised Sample Settings
[35m[LOG Sample]:-- [0mReading data from text file: /minerva/app/users/jstowell/NUISANCEMC/nuisance/branches/v2r7/data//MINERvA/CCinc/CCinc_Fe56_CH_ratio_x_data.csv
[35m[LOG Sample]:-- [0mReading data correlations from text file: /minerva/app/users/jstowell/NUISANCEMC/nuisance/branches/v2r7/data//MINERvA/CCinc/CCinc_Fe56_CH_ratio_x_covar.csv;6
[35m[LOG Sample]:-- [0mLoading Sample : MINERvA_CCinc_XSec_1Dx_Fe56_CH_NUM
[35m[LOG Sample]:-- [0mEvent manager already contains gntp.MINERvA_fhc_numu.Fe.2500000.5.ghep.root
[35m[LOG Sample]:-- [0mFinalising Sample Settings: MINERvA_CCinc_XSec_1Dx_Fe56_CH_NUM
[35m[LOG Sample]:-- [0mReading smearing matrix from file: /minerva/app/users/jstowell/NUISANCEMC/nuisance/branches/v2r7/data//MINERvA/CCinc/CCinc_Fe56_x_smear.csv
[35m[LOG Sample]:-- [0mFinalising Measurement: MINERvA_CCinc_XSec_1Dx_Fe56_CH_NUM
[35m[LOG Sample]:-- [0mSetting diagonal covariance for: MINERvA_CCinc_XSec_1Dx_Fe56_CH_NUM_data
[35m[LOG Sample]:-- [0mLoading Sample : MINERvA_CCinc_XSec_1Dx_Fe56_CH_DEN
[35m[LOG Sample]:-- [0mEvent manager already contains gntp.MINERvA_fhc_numu.CH.2500000.1.ghep.root
[35m[LOG Sample]:-- [0mFinalising Sample Settings: MINERvA_CCinc_XSec_1Dx_Fe56_CH_DEN
[35m[LOG Sample]:-- [0mReading smearing matrix from file: /minerva/app/users/jstowell/NUISANCEMC/nuisance/branches/v2r7/data//MINERvA/CCinc/CCinc_CH_x_smear.csv
[35m[LOG Sample]:-- [0mFinalising Measurement: MINERvA_CCinc_XSec_1Dx_Fe56_CH_DEN
[35m[LOG Sample]:-- [0mSetting diagonal covariance for: MINERvA_CCinc_XSec_1Dx_Fe56_CH_DEN_data
[35m[LOG Sample]:-- [0mFinalising Measurement: MINERvA_CCinc_XSec_1Dx_ratio_Fe56_CH
[1m[34m[LOG Minmzr]:- [0mLoading Sample : MINERvA_CCinc_XSec_1Dx_ratio_Pb208_CH
[35m[LOG Sample]:-- [0mLoading Sample : MINERvA_CCinc_XSec_1Dx_ratio_Pb208_CH
[35m[LOG Sample]:-- [0mFinalising Sample Settings: MINERvA_CCinc_XSec_1Dx_ratio_Pb208_CH
[35m[LOG Sample]:-- [0mFinalised Sample Settings
[35m[LOG Sample]:-- [0mReading data from text file: /minerva/app/users/jstowell/NUISANCEMC/nuisance/branches/v2r7/data//MINERvA/CCinc/CCinc_Pb208_CH_ratio_x_data.csv
[35m[LOG Sample]:-- [0mReading data correlations from text file: /minerva/app/users/jstowell/NUISANCEMC/nuisance/branches/v2r7/data//MINERvA/CCinc/CCinc_Pb208_CH_ratio_x_covar.csv;6
[35m[LOG Sample]:-- [0mLoading Sample : MINERvA_CCinc_XSec_1Dx_Pb208_CH_NUM
[35m[LOG Sample]:-- [0mEvent manager already contains gntp.MINERvA_fhc_numu.Pb.2500000.6.ghep.root
[35m[LOG Sample]:-- [0mFinalising Sample Settings: MINERvA_CCinc_XSec_1Dx_Pb208_CH_NUM
[35m[LOG Sample]:-- [0mReading smearing matrix from file: /minerva/app/users/jstowell/NUISANCEMC/nuisance/branches/v2r7/data//MINERvA/CCinc/CCinc_Pb208_x_smear.csv
[35m[LOG Sample]:-- [0mFinalising Measurement: MINERvA_CCinc_XSec_1Dx_Pb208_CH_NUM
[35m[LOG Sample]:-- [0mSetting diagonal covariance for: MINERvA_CCinc_XSec_1Dx_Pb208_CH_NUM_data
[35m[LOG Sample]:-- [0mLoading Sample : MINERvA_CCinc_XSec_1Dx_Pb208_CH_DEN
[35m[LOG Sample]:-- [0mEvent manager already contains gntp.MINERvA_fhc_numu.CH.2500000.1.ghep.root
[35m[LOG Sample]:-- [0mFinalising Sample Settings: MINERvA_CCinc_XSec_1Dx_Pb208_CH_DEN
[35m[LOG Sample]:-- [0mReading smearing matrix from file: /minerva/app/users/jstowell/NUISANCEMC/nuisance/branches/v2r7/data//MINERvA/CCinc/CCinc_CH_x_smear.csv
[35m[LOG Sample]:-- [0mFinalising Measurement: MINERvA_CCinc_XSec_1Dx_Pb208_CH_DEN
[35m[LOG Sample]:-- [0mSetting diagonal covariance for: MINERvA_CCinc_XSec_1Dx_Pb208_CH_DEN_data
[35m[LOG Sample]:-- [0mFinalising Measurement: MINERvA_CCinc_XSec_1Dx_ratio_Pb208_CH
[1m[34m[LOG Minmzr]:- [0mLoading Sample : MINERvA_CCinc_XSec_1DEnu_ratio_C12_CH
[35m[LOG Sample]:-- [0mLoading Sample : MINERvA_CCinc_XSec_1DEnu_ratio_C12_CH
[35m[LOG Sample]:-- [0mFinalising Sample Settings: MINERvA_CCinc_XSec_1DEnu_ratio_C12_CH
[35m[LOG Sample]:-- [0m::MINERvA_CCinc_XSec_1DEnu_ratio_C12_CH::
[35m[LOG Sample]:-- [0mFound XSec Enu measurement, applying flux integrated scaling, not flux averaged!
[35m[LOG Sample]:-- [0mFinalised Sample Settings
[35m[LOG Sample]:-- [0mReading data from text file: /minerva/app/users/jstowell/NUISANCEMC/nuisance/branches/v2r7/data//MINERvA/CCinc/CCinc_C12_CH_ratio_Enu_data.csv
[35m[LOG Sample]:-- [0mReading data correlations from text file: /minerva/app/users/jstowell/NUISANCEMC/nuisance/branches/v2r7/data//MINERvA/CCinc/CCinc_C12_CH_ratio_Enu_covar.csv;8
[35m[LOG Sample]:-- [0mLoading Sample : MINERvA_CCinc_XSec_1DEnu_C12_CH_NUM
[35m[LOG Sample]:-- [0mEvent manager already contains gntp.MINERvA_fhc_numu.C.2500000.4.ghep.root
[35m[LOG Sample]:-- [0mFinalising Sample Settings: MINERvA_CCinc_XSec_1DEnu_C12_CH_NUM
[35m[LOG Sample]:-- [0m::MINERvA_CCinc_XSec_1DEnu_C12_CH_NUM::
[35m[LOG Sample]:-- [0mFound XSec Enu measurement, applying flux integrated scaling, not flux averaged!
[35m[LOG Sample]:-- [0mFinalising Measurement: MINERvA_CCinc_XSec_1DEnu_C12_CH_NUM
[35m[LOG Sample]:-- [0mSetting diagonal covariance for: MINERvA_CCinc_XSec_1DEnu_C12_CH_NUM_data
[35m[LOG Sample]:-- [0mLoading Sample : MINERvA_CCinc_XSec_1DEnu_C12_CH_DEN
[35m[LOG Sample]:-- [0mEvent manager already contains gntp.MINERvA_fhc_numu.CH.2500000.1.ghep.root
[35m[LOG Sample]:-- [0mFinalising Sample Settings: MINERvA_CCinc_XSec_1DEnu_C12_CH_DEN
[35m[LOG Sample]:-- [0m::MINERvA_CCinc_XSec_1DEnu_C12_CH_DEN::
[35m[LOG Sample]:-- [0mFound XSec Enu measurement, applying flux integrated scaling, not flux averaged!
[35m[LOG Sample]:-- [0mFinalising Measurement: MINERvA_CCinc_XSec_1DEnu_C12_CH_DEN
[35m[LOG Sample]:-- [0mSetting diagonal covariance for: MINERvA_CCinc_XSec_1DEnu_C12_CH_DEN_data
[35m[LOG Sample]:-- [0mFinalising Measurement: MINERvA_CCinc_XSec_1DEnu_ratio_C12_CH
[1m[34m[LOG Minmzr]:- [0mLoading Sample : MINERvA_CCinc_XSec_1DEnu_ratio_Fe56_CH
[35m[LOG Sample]:-- [0mLoading Sample : MINERvA_CCinc_XSec_1DEnu_ratio_Fe56_CH
[35m[LOG Sample]:-- [0mFinalising Sample Settings: MINERvA_CCinc_XSec_1DEnu_ratio_Fe56_CH
[35m[LOG Sample]:-- [0m::MINERvA_CCinc_XSec_1DEnu_ratio_Fe56_CH::
[35m[LOG Sample]:-- [0mFound XSec Enu measurement, applying flux integrated scaling, not flux averaged!
[35m[LOG Sample]:-- [0mFinalised Sample Settings
[35m[LOG Sample]:-- [0mReading data from text file: /minerva/app/users/jstowell/NUISANCEMC/nuisance/branches/v2r7/data//MINERvA/CCinc/CCinc_Fe56_CH_ratio_Enu_data.csv
[35m[LOG Sample]:-- [0mReading data correlations from text file: /minerva/app/users/jstowell/NUISANCEMC/nuisance/branches/v2r7/data//MINERvA/CCinc/CCinc_Fe56_CH_ratio_Enu_covar.csv;8
[35m[LOG Sample]:-- [0mLoading Sample : MINERvA_CCinc_XSec_1DEnu_Fe56_CH_NUM
[35m[LOG Sample]:-- [0mEvent manager already contains gntp.MINERvA_fhc_numu.Fe.2500000.5.ghep.root
[35m[LOG Sample]:-- [0mFinalising Sample Settings: MINERvA_CCinc_XSec_1DEnu_Fe56_CH_NUM
[35m[LOG Sample]:-- [0m::MINERvA_CCinc_XSec_1DEnu_Fe56_CH_NUM::
[35m[LOG Sample]:-- [0mFound XSec Enu measurement, applying flux integrated scaling, not flux averaged!
[35m[LOG Sample]:-- [0mFinalising Measurement: MINERvA_CCinc_XSec_1DEnu_Fe56_CH_NUM
[35m[LOG Sample]:-- [0mSetting diagonal covariance for: MINERvA_CCinc_XSec_1DEnu_Fe56_CH_NUM_data
[35m[LOG Sample]:-- [0mLoading Sample : MINERvA_CCinc_XSec_1DEnu_Fe56_CH_DEN
[35m[LOG Sample]:-- [0mEvent manager already contains gntp.MINERvA_fhc_numu.CH.2500000.1.ghep.root
[35m[LOG Sample]:-- [0mFinalising Sample Settings: MINERvA_CCinc_XSec_1DEnu_Fe56_CH_DEN
[35m[LOG Sample]:-- [0m::MINERvA_CCinc_XSec_1DEnu_Fe56_CH_DEN::
[35m[LOG Sample]:-- [0mFound XSec Enu measurement, applying flux integrated scaling, not flux averaged!
[35m[LOG Sample]:-- [0mFinalising Measurement: MINERvA_CCinc_XSec_1DEnu_Fe56_CH_DEN
[35m[LOG Sample]:-- [0mSetting diagonal covariance for: MINERvA_CCinc_XSec_1DEnu_Fe56_CH_DEN_data
[35m[LOG Sample]:-- [0mFinalising Measurement: MINERvA_CCinc_XSec_1DEnu_ratio_Fe56_CH
[1m[34m[LOG Minmzr]:- [0mLoading Sample : MINERvA_CCinc_XSec_1DEnu_ratio_Pb208_CH
[35m[LOG Sample]:-- [0mLoading Sample : MINERvA_CCinc_XSec_1DEnu_ratio_Pb208_CH
[35m[LOG Sample]:-- [0mFinalising Sample Settings: MINERvA_CCinc_XSec_1DEnu_ratio_Pb208_CH
[35m[LOG Sample]:-- [0m::MINERvA_CCinc_XSec_1DEnu_ratio_Pb208_CH::
[35m[LOG Sample]:-- [0mFound XSec Enu measurement, applying flux integrated scaling, not flux averaged!
[35m[LOG Sample]:-- [0mFinalised Sample Settings
[35m[LOG Sample]:-- [0mReading data from text file: /minerva/app/users/jstowell/NUISANCEMC/nuisance/branches/v2r7/data//MINERvA/CCinc/CCinc_Pb208_CH_ratio_Enu_data.csv
[35m[LOG Sample]:-- [0mReading data correlations from text file: /minerva/app/users/jstowell/NUISANCEMC/nuisance/branches/v2r7/data//MINERvA/CCinc/CCinc_Pb208_CH_ratio_Enu_covar.csv;8
[35m[LOG Sample]:-- [0mLoading Sample : MINERvA_CCinc_XSec_1DEnu_Pb208_CH_NUM
[35m[LOG Sample]:-- [0mEvent manager already contains gntp.MINERvA_fhc_numu.Pb.2500000.6.ghep.root
[35m[LOG Sample]:-- [0mFinalising Sample Settings: MINERvA_CCinc_XSec_1DEnu_Pb208_CH_NUM
[35m[LOG Sample]:-- [0m::MINERvA_CCinc_XSec_1DEnu_Pb208_CH_NUM::
[35m[LOG Sample]:-- [0mFound XSec Enu measurement, applying flux integrated scaling, not flux averaged!
[35m[LOG Sample]:-- [0mFinalising Measurement: MINERvA_CCinc_XSec_1DEnu_Pb208_CH_NUM
[35m[LOG Sample]:-- [0mSetting diagonal covariance for: MINERvA_CCinc_XSec_1DEnu_Pb208_CH_NUM_data
[35m[LOG Sample]:-- [0mLoading Sample : MINERvA_CCinc_XSec_1DEnu_Pb208_CH_DEN
[35m[LOG Sample]:-- [0mEvent manager already contains gntp.MINERvA_fhc_numu.CH.2500000.1.ghep.root
[35m[LOG Sample]:-- [0mFinalising Sample Settings: MINERvA_CCinc_XSec_1DEnu_Pb208_CH_DEN
[35m[LOG Sample]:-- [0m::MINERvA_CCinc_XSec_1DEnu_Pb208_CH_DEN::
[35m[LOG Sample]:-- [0mFound XSec Enu measurement, applying flux integrated scaling, not flux averaged!
[35m[LOG Sample]:-- [0mFinalising Measurement: MINERvA_CCinc_XSec_1DEnu_Pb208_CH_DEN
[35m[LOG Sample]:-- [0mSetting diagonal covariance for: MINERvA_CCinc_XSec_1DEnu_Pb208_CH_DEN_data
[35m[LOG Sample]:-- [0mFinalising Measurement: MINERvA_CCinc_XSec_1DEnu_ratio_Pb208_CH
[1m[34m[LOG Minmzr]:- [0mLoading Sample : MINERvA_CCCOHPI_XSec_1DEpi_nu
[35m[LOG Sample]:-- [0mLoading Sample : MINERvA_CCCOHPI_XSec_1DEpi_nu
[35m[LOG Sample]:-- [0mEvent manager already contains gntp.MINERvA_fhc_numu.CH.2500000.1.ghep.root
[35m[LOG Sample]:-- [0mFinalising Sample Settings: MINERvA_CCCOHPI_XSec_1DEpi_nu
[35m[LOG Sample]:-- [0mReading data from text file: /minerva/app/users/jstowell/NUISANCEMC/nuisance/branches/v2r7/data/MINERvA/CCcoh/Epi_nu_data.csv
[35m[LOG Sample]:-- [0mReading covariance from text file: /minerva/app/users/jstowell/NUISANCEMC/nuisance/branches/v2r7/data/MINERvA/CCcoh/Epi_nu_cov.csv
Error in <TDecompChol::Decompose()>: matrix not positive definite
[35m[LOG Sample]:-- [0mFinalising Measurement: MINERvA_CCCOHPI_XSec_1DEpi_nu
MINERvA_CCCOHPI_XSec_1DEpi_nu.cxx : Data Integral = 9.673e-39
[1m[34m[LOG Minmzr]:- [0mLoading Sample : MINERvA_CCCOHPI_XSec_1Dth_nu
[35m[LOG Sample]:-- [0mLoading Sample : MINERvA_CCCOHPI_XSec_1Dth_nu
[35m[LOG Sample]:-- [0mEvent manager already contains gntp.MINERvA_fhc_numu.CH.2500000.1.ghep.root
[35m[LOG Sample]:-- [0mFinalising Sample Settings: MINERvA_CCCOHPI_XSec_1Dth_nu
[35m[LOG Sample]:-- [0mReading data from text file: /minerva/app/users/jstowell/NUISANCEMC/nuisance/branches/v2r7/data/MINERvA/CCcoh/Thpi_nu_data.csv
[35m[LOG Sample]:-- [0mReading covariance from text file: /minerva/app/users/jstowell/NUISANCEMC/nuisance/branches/v2r7/data/MINERvA/CCcoh/Thpi_nu_cov.csv
[35m[LOG Sample]:-- [0mFinalising Measurement: MINERvA_CCCOHPI_XSec_1Dth_nu
[1m[34m[LOG Minmzr]:- [0mLoading Sample : MINERvA_CCCOHPI_XSec_1DEnu_nu
[35m[LOG Sample]:-- [0mLoading Sample : MINERvA_CCCOHPI_XSec_1DEnu_nu
[35m[LOG Sample]:-- [0mEvent manager already contains gntp.MINERvA_fhc_numu.CH.2500000.1.ghep.root
[35m[LOG Sample]:-- [0mFinalising Sample Settings: MINERvA_CCCOHPI_XSec_1DEnu_nu
[35m[LOG Sample]:-- [0m::MINERvA_CCCOHPI_XSec_1DEnu_nu::
[35m[LOG Sample]:-- [0mFound XSec Enu measurement, applying flux integrated scaling, not flux averaged!
[35m[LOG Sample]:-- [0mReading data from text file: /minerva/app/users/jstowell/NUISANCEMC/nuisance/branches/v2r7/data/MINERvA/CCcoh/Enu_nu_data.csv
[35m[LOG Sample]:-- [0mReading covariance from text file: /minerva/app/users/jstowell/NUISANCEMC/nuisance/branches/v2r7/data/MINERvA/CCcoh/Enu_nu_cov.csv
Error in <TDecompChol::Decompose()>: matrix not positive definite
[35m[LOG Sample]:-- [0mFinalising Measurement: MINERvA_CCCOHPI_XSec_1DEnu_nu
[1m[34m[LOG Minmzr]:- [0mLoading Sample : MINERvA_CCCOHPI_XSec_1DEpi_antinu
[35m[LOG Sample]:-- [0mLoading Sample : MINERvA_CCCOHPI_XSec_1DEpi_antinu
[35m[LOG Sample]:-- [0mEvent manager already contains gntp.MINERvA_rhc_numubar.CH.2500000.2.ghep.root
[35m[LOG Sample]:-- [0mFinalising Sample Settings: MINERvA_CCCOHPI_XSec_1DEpi_antinu
[35m[LOG Sample]:-- [0mReading data from text file: /minerva/app/users/jstowell/NUISANCEMC/nuisance/branches/v2r7/data/MINERvA/CCcoh/Epi_nubar_data.csv
[35m[LOG Sample]:-- [0mReading covariance from text file: /minerva/app/users/jstowell/NUISANCEMC/nuisance/branches/v2r7/data/MINERvA/CCcoh/Epi_nubar_cov.csv
[35m[LOG Sample]:-- [0mFinalising Measurement: MINERvA_CCCOHPI_XSec_1DEpi_antinu
[1m[34m[LOG Minmzr]:- [0mLoading Sample : MINERvA_CCCOHPI_XSec_1Dth_antinu
[35m[LOG Sample]:-- [0mLoading Sample : MINERvA_CCCOHPI_XSec_1Dth_antinu
[35m[LOG Sample]:-- [0mEvent manager already contains gntp.MINERvA_rhc_numubar.CH.2500000.2.ghep.root
[35m[LOG Sample]:-- [0mFinalising Sample Settings: MINERvA_CCCOHPI_XSec_1Dth_antinu
[35m[LOG Sample]:-- [0mReading data from text file: /minerva/app/users/jstowell/NUISANCEMC/nuisance/branches/v2r7/data/MINERvA/CCcoh/Thpi_nubar_data.csv
[35m[LOG Sample]:-- [0mReading covariance from text file: /minerva/app/users/jstowell/NUISANCEMC/nuisance/branches/v2r7/data/MINERvA/CCcoh/Thpi_nubar_cov.csv
[35m[LOG Sample]:-- [0mFinalising Measurement: MINERvA_CCCOHPI_XSec_1Dth_antinu
[1m[34m[LOG Minmzr]:- [0mLoading Sample : MINERvA_CCCOHPI_XSec_1DEnu_antinu
[35m[LOG Sample]:-- [0mLoading Sample : MINERvA_CCCOHPI_XSec_1DEnu_antinu
[35m[LOG Sample]:-- [0mEvent manager already contains gntp.MINERvA_rhc_numubar.CH.2500000.2.ghep.root
[35m[LOG Sample]:-- [0mFinalising Sample Settings: MINERvA_CCCOHPI_XSec_1DEnu_antinu
[35m[LOG Sample]:-- [0m::MINERvA_CCCOHPI_XSec_1DEnu_antinu::
[35m[LOG Sample]:-- [0mFound XSec Enu measurement, applying flux integrated scaling, not flux averaged!
[35m[LOG Sample]:-- [0mReading data from text file: /minerva/app/users/jstowell/NUISANCEMC/nuisance/branches/v2r7/data/MINERvA/CCcoh/Enu_nubar_data.csv
[35m[LOG Sample]:-- [0mReading covariance from text file: /minerva/app/users/jstowell/NUISANCEMC/nuisance/branches/v2r7/data/MINERvA/CCcoh/Enu_nubar_cov.csv
[35m[LOG Sample]:-- [0mFinalising Measurement: MINERvA_CCCOHPI_XSec_1DEnu_antinu
[1m[34m[LOG Minmzr]:- [0mLoading Sample : MINERvA_CCDIS_XSec_1Dx_ratio_C12_CH
[35m[LOG Sample]:-- [0mLoading Sample : MINERvA_CCDIS_XSec_1Dx_ratio_C12_CH
[35m[LOG Sample]:-- [0mFinalising Sample Settings: MINERvA_CCDIS_XSec_1Dx_ratio_C12_CH
[35m[LOG Sample]:-- [0mFinalised Sample Settings
[35m[LOG Sample]:-- [0mReading data from text file: /minerva/app/users/jstowell/NUISANCEMC/nuisance/branches/v2r7/data/MINERvA/CCDIS/CCDIS_C12_CH_ratio_x_data.csv
[35m[LOG Sample]:-- [0mReading covariance from text file: /minerva/app/users/jstowell/NUISANCEMC/nuisance/branches/v2r7/data/MINERvA/CCDIS/CCDIS_C12_CH_ratio_x_stat.csv
[35m[LOG Sample]:-- [0mReading covariance from text file: /minerva/app/users/jstowell/NUISANCEMC/nuisance/branches/v2r7/data/MINERvA/CCDIS/CCDIS_C12_CH_ratio_x_syst.csv
[35m[LOG Sample]:-- [0mLoading Sample : MINERvA_CCDIS_XSec_1Dx_C12_CH_NUM
[35m[LOG Sample]:-- [0mEvent manager already contains gntp.MINERvA_fhc_numu.C.2500000.4.ghep.root
[35m[LOG Sample]:-- [0mFinalising Sample Settings: MINERvA_CCDIS_XSec_1Dx_C12_CH_NUM
[35m[LOG Sample]:-- [0mFinalising Measurement: MINERvA_CCDIS_XSec_1Dx_C12_CH_NUM
[35m[LOG Sample]:-- [0mSetting diagonal covariance for: MINERvA_CCDIS_XSec_1Dx_C12_CH_NUM_data
[35m[LOG Sample]:-- [0mLoading Sample : MINERvA_CCDIS_XSec_1Dx_C12_CH_DEN
[35m[LOG Sample]:-- [0mEvent manager already contains gntp.MINERvA_fhc_numu.CH.2500000.1.ghep.root
[35m[LOG Sample]:-- [0mFinalising Sample Settings: MINERvA_CCDIS_XSec_1Dx_C12_CH_DEN
[35m[LOG Sample]:-- [0mFinalising Measurement: MINERvA_CCDIS_XSec_1Dx_C12_CH_DEN
[35m[LOG Sample]:-- [0mSetting diagonal covariance for: MINERvA_CCDIS_XSec_1Dx_C12_CH_DEN_data
[35m[LOG Sample]:-- [0mFinalising Measurement: MINERvA_CCDIS_XSec_1Dx_ratio_C12_CH
[1m[34m[LOG Minmzr]:- [0mLoading Sample : MINERvA_CCDIS_XSec_1Dx_ratio_Fe56_CH
[35m[LOG Sample]:-- [0mLoading Sample : MINERvA_CCDIS_XSec_1Dx_ratio_Fe56_CH
[35m[LOG Sample]:-- [0mFinalising Sample Settings: MINERvA_CCDIS_XSec_1Dx_ratio_Fe56_CH
[35m[LOG Sample]:-- [0mFinalised Sample Settings
[35m[LOG Sample]:-- [0mReading data from text file: /minerva/app/users/jstowell/NUISANCEMC/nuisance/branches/v2r7/data/MINERvA/CCDIS/CCDIS_Fe56_CH_ratio_x_data.csv
[35m[LOG Sample]:-- [0mReading covariance from text file: /minerva/app/users/jstowell/NUISANCEMC/nuisance/branches/v2r7/data/MINERvA/CCDIS/CCDIS_Fe56_CH_ratio_x_stat.csv
[35m[LOG Sample]:-- [0mReading covariance from text file: /minerva/app/users/jstowell/NUISANCEMC/nuisance/branches/v2r7/data/MINERvA/CCDIS/CCDIS_Fe56_CH_ratio_x_syst.csv
[31m[ERR WARN  ] : [0mConfig Parameter type has been requested 191 times in the last second.
[31m[ERR WARN  ] : [0mThis is very inefficient! Please try to change this.
[35m[LOG Sample]:-- [0mLoading Sample : MINERvA_CCDIS_XSec_1Dx_Fe56_CH_NUM
[35m[LOG Sample]:-- [0mEvent manager already contains gntp.MINERvA_fhc_numu.Fe.2500000.5.ghep.root
[35m[LOG Sample]:-- [0mFinalising Sample Settings: MINERvA_CCDIS_XSec_1Dx_Fe56_CH_NUM
[35m[LOG Sample]:-- [0mFinalising Measurement: MINERvA_CCDIS_XSec_1Dx_Fe56_CH_NUM
[35m[LOG Sample]:-- [0mSetting diagonal covariance for: MINERvA_CCDIS_XSec_1Dx_Fe56_CH_NUM_data
[35m[LOG Sample]:-- [0mLoading Sample : MINERvA_CCDIS_XSec_1Dx_Fe56_CH_DEN
[35m[LOG Sample]:-- [0mEvent manager already contains gntp.MINERvA_fhc_numu.CH.2500000.1.ghep.root
[35m[LOG Sample]:-- [0mFinalising Sample Settings: MINERvA_CCDIS_XSec_1Dx_Fe56_CH_DEN
[35m[LOG Sample]:-- [0mFinalising Measurement: MINERvA_CCDIS_XSec_1Dx_Fe56_CH_DEN
[35m[LOG Sample]:-- [0mSetting diagonal covariance for: MINERvA_CCDIS_XSec_1Dx_Fe56_CH_DEN_data
[35m[LOG Sample]:-- [0mFinalising Measurement: MINERvA_CCDIS_XSec_1Dx_ratio_Fe56_CH
[1m[34m[LOG Minmzr]:- [0mLoading Sample : MINERvA_CCDIS_XSec_1Dx_ratio_Pb208_CH
[35m[LOG Sample]:-- [0mLoading Sample : MINERvA_CCDIS_XSec_1Dx_ratio_Pb208_CH
[35m[LOG Sample]:-- [0mFinalising Sample Settings: MINERvA_CCDIS_XSec_1Dx_ratio_Pb208_CH
[35m[LOG Sample]:-- [0mFinalised Sample Settings
[35m[LOG Sample]:-- [0mReading data from text file: /minerva/app/users/jstowell/NUISANCEMC/nuisance/branches/v2r7/data/MINERvA/CCDIS/CCDIS_Pb208_CH_ratio_x_data.csv
[35m[LOG Sample]:-- [0mReading covariance from text file: /minerva/app/users/jstowell/NUISANCEMC/nuisance/branches/v2r7/data/MINERvA/CCDIS/CCDIS_Pb208_CH_ratio_x_stat.csv
[35m[LOG Sample]:-- [0mReading covariance from text file: /minerva/app/users/jstowell/NUISANCEMC/nuisance/branches/v2r7/data/MINERvA/CCDIS/CCDIS_Pb208_CH_ratio_x_syst.csv
[35m[LOG Sample]:-- [0mLoading Sample : MINERvA_CCDIS_XSec_1Dx_Pb208_CH_NUM
[35m[LOG Sample]:-- [0mEvent manager already contains gntp.MINERvA_fhc_numu.Pb.2500000.6.ghep.root
[35m[LOG Sample]:-- [0mFinalising Sample Settings: MINERvA_CCDIS_XSec_1Dx_Pb208_CH_NUM
[35m[LOG Sample]:-- [0mFinalising Measurement: MINERvA_CCDIS_XSec_1Dx_Pb208_CH_NUM
[35m[LOG Sample]:-- [0mSetting diagonal covariance for: MINERvA_CCDIS_XSec_1Dx_Pb208_CH_NUM_data
[35m[LOG Sample]:-- [0mLoading Sample : MINERvA_CCDIS_XSec_1Dx_Pb208_CH_DEN
[35m[LOG Sample]:-- [0mEvent manager already contains gntp.MINERvA_fhc_numu.CH.2500000.1.ghep.root
[35m[LOG Sample]:-- [0mFinalising Sample Settings: MINERvA_CCDIS_XSec_1Dx_Pb208_CH_DEN
[35m[LOG Sample]:-- [0mFinalising Measurement: MINERvA_CCDIS_XSec_1Dx_Pb208_CH_DEN
[35m[LOG Sample]:-- [0mSetting diagonal covariance for: MINERvA_CCDIS_XSec_1Dx_Pb208_CH_DEN_data
[35m[LOG Sample]:-- [0mFinalising Measurement: MINERvA_CCDIS_XSec_1Dx_ratio_Pb208_CH
[1m[34m[LOG Minmzr]:- [0mLoading Sample : MINERvA_CCDIS_XSec_1DEnu_ratio_C12_CH
[35m[LOG Sample]:-- [0mLoading Sample : MINERvA_CCDIS_XSec_1DEnu_ratio_C12_CH
[35m[LOG Sample]:-- [0mFinalising Sample Settings: MINERvA_CCDIS_XSec_1DEnu_ratio_C12_CH
[35m[LOG Sample]:-- [0m::MINERvA_CCDIS_XSec_1DEnu_ratio_C12_CH::
[35m[LOG Sample]:-- [0mFound XSec Enu measurement, applying flux integrated scaling, not flux averaged!
[35m[LOG Sample]:-- [0mFinalised Sample Settings
[35m[LOG Sample]:-- [0mReading data from text file: /minerva/app/users/jstowell/NUISANCEMC/nuisance/branches/v2r7/data/MINERvA/CCDIS/CCDIS_C12_CH_ratio_Enu_data.csv
[35m[LOG Sample]:-- [0mReading covariance from text file: /minerva/app/users/jstowell/NUISANCEMC/nuisance/branches/v2r7/data/MINERvA/CCDIS/CCDIS_C12_CH_ratio_Enu_stat.csv
[35m[LOG Sample]:-- [0mReading covariance from text file: /minerva/app/users/jstowell/NUISANCEMC/nuisance/branches/v2r7/data/MINERvA/CCDIS/CCDIS_C12_CH_ratio_Enu_syst.csv
[35m[LOG Sample]:-- [0mLoading Sample : MINERvA_CCDIS_XSec_1DEnu_C12_CH_NUM
[35m[LOG Sample]:-- [0mEvent manager already contains gntp.MINERvA_fhc_numu.C.2500000.4.ghep.root
[35m[LOG Sample]:-- [0mFinalising Sample Settings: MINERvA_CCDIS_XSec_1DEnu_C12_CH_NUM
[35m[LOG Sample]:-- [0m::MINERvA_CCDIS_XSec_1DEnu_C12_CH_NUM::
[35m[LOG Sample]:-- [0mFound XSec Enu measurement, applying flux integrated scaling, not flux averaged!
[35m[LOG Sample]:-- [0mFinalising Measurement: MINERvA_CCDIS_XSec_1DEnu_C12_CH_NUM
[35m[LOG Sample]:-- [0mSetting diagonal covariance for: MINERvA_CCDIS_XSec_1DEnu_C12_CH_NUM_data
[35m[LOG Sample]:-- [0mLoading Sample : MINERvA_CCDIS_XSec_1DEnu_C12_CH_DEN
[35m[LOG Sample]:-- [0mEvent manager already contains gntp.MINERvA_fhc_numu.CH.2500000.1.ghep.root
[35m[LOG Sample]:-- [0mFinalising Sample Settings: MINERvA_CCDIS_XSec_1DEnu_C12_CH_DEN
[35m[LOG Sample]:-- [0m::MINERvA_CCDIS_XSec_1DEnu_C12_CH_DEN::
[35m[LOG Sample]:-- [0mFound XSec Enu measurement, applying flux integrated scaling, not flux averaged!
[35m[LOG Sample]:-- [0mFinalising Measurement: MINERvA_CCDIS_XSec_1DEnu_C12_CH_DEN
[35m[LOG Sample]:-- [0mSetting diagonal covariance for: MINERvA_CCDIS_XSec_1DEnu_C12_CH_DEN_data
[35m[LOG Sample]:-- [0mFinalising Measurement: MINERvA_CCDIS_XSec_1DEnu_ratio_C12_CH
[1m[34m[LOG Minmzr]:- [0mLoading Sample : MINERvA_CCDIS_XSec_1DEnu_ratio_Fe56_CH
[35m[LOG Sample]:-- [0mLoading Sample : MINERvA_CCDIS_XSec_1DEnu_ratio_Fe56_CH
[35m[LOG Sample]:-- [0mFinalising Sample Settings: MINERvA_CCDIS_XSec_1DEnu_ratio_Fe56_CH
[35m[LOG Sample]:-- [0m::MINERvA_CCDIS_XSec_1DEnu_ratio_Fe56_CH::
[35m[LOG Sample]:-- [0mFound XSec Enu measurement, applying flux integrated scaling, not flux averaged!
[35m[LOG Sample]:-- [0mFinalised Sample Settings
[35m[LOG Sample]:-- [0mReading data from text file: /minerva/app/users/jstowell/NUISANCEMC/nuisance/branches/v2r7/data/MINERvA/CCDIS/CCDIS_Fe56_CH_ratio_Enu_data.csv
[35m[LOG Sample]:-- [0mReading covariance from text file: /minerva/app/users/jstowell/NUISANCEMC/nuisance/branches/v2r7/data/MINERvA/CCDIS/CCDIS_Fe56_CH_ratio_Enu_stat.csv
[35m[LOG Sample]:-- [0mReading covariance from text file: /minerva/app/users/jstowell/NUISANCEMC/nuisance/branches/v2r7/data/MINERvA/CCDIS/CCDIS_Fe56_CH_ratio_Enu_syst.csv
[35m[LOG Sample]:-- [0mLoading Sample : MINERvA_CCDIS_XSec_1DEnu_Fe56_CH_NUM
[35m[LOG Sample]:-- [0mEvent manager already contains gntp.MINERvA_fhc_numu.Fe.2500000.5.ghep.root
[35m[LOG Sample]:-- [0mFinalising Sample Settings: MINERvA_CCDIS_XSec_1DEnu_Fe56_CH_NUM
[35m[LOG Sample]:-- [0m::MINERvA_CCDIS_XSec_1DEnu_Fe56_CH_NUM::
[35m[LOG Sample]:-- [0mFound XSec Enu measurement, applying flux integrated scaling, not flux averaged!
[35m[LOG Sample]:-- [0mFinalising Measurement: MINERvA_CCDIS_XSec_1DEnu_Fe56_CH_NUM
[35m[LOG Sample]:-- [0mSetting diagonal covariance for: MINERvA_CCDIS_XSec_1DEnu_Fe56_CH_NUM_data
[35m[LOG Sample]:-- [0mLoading Sample : MINERvA_CCDIS_XSec_1DEnu_Fe56_CH_DEN
[35m[LOG Sample]:-- [0mEvent manager already contains gntp.MINERvA_fhc_numu.CH.2500000.1.ghep.root
[35m[LOG Sample]:-- [0mFinalising Sample Settings: MINERvA_CCDIS_XSec_1DEnu_Fe56_CH_DEN
[35m[LOG Sample]:-- [0m::MINERvA_CCDIS_XSec_1DEnu_Fe56_CH_DEN::
[35m[LOG Sample]:-- [0mFound XSec Enu measurement, applying flux integrated scaling, not flux averaged!
[35m[LOG Sample]:-- [0mFinalising Measurement: MINERvA_CCDIS_XSec_1DEnu_Fe56_CH_DEN
[35m[LOG Sample]:-- [0mSetting diagonal covariance for: MINERvA_CCDIS_XSec_1DEnu_Fe56_CH_DEN_data
[35m[LOG Sample]:-- [0mFinalising Measurement: MINERvA_CCDIS_XSec_1DEnu_ratio_Fe56_CH
[1m[34m[LOG Minmzr]:- [0mLoading Sample : MINERvA_CCDIS_XSec_1DEnu_ratio_Pb208_CH
[35m[LOG Sample]:-- [0mLoading Sample : MINERvA_CCDIS_XSec_1DEnu_ratio_Pb208_CH
[35m[LOG Sample]:-- [0mFinalising Sample Settings: MINERvA_CCDIS_XSec_1DEnu_ratio_Pb208_CH
[35m[LOG Sample]:-- [0m::MINERvA_CCDIS_XSec_1DEnu_ratio_Pb208_CH::
[35m[LOG Sample]:-- [0mFound XSec Enu measurement, applying flux integrated scaling, not flux averaged!
[35m[LOG Sample]:-- [0mFinalised Sample Settings
[35m[LOG Sample]:-- [0mReading data from text file: /minerva/app/users/jstowell/NUISANCEMC/nuisance/branches/v2r7/data/MINERvA/CCDIS/CCDIS_Pb208_CH_ratio_Enu_data.csv
[35m[LOG Sample]:-- [0mReading covariance from text file: /minerva/app/users/jstowell/NUISANCEMC/nuisance/branches/v2r7/data/MINERvA/CCDIS/CCDIS_Pb208_CH_ratio_Enu_stat.csv
[35m[LOG Sample]:-- [0mReading covariance from text file: /minerva/app/users/jstowell/NUISANCEMC/nuisance/branches/v2r7/data/MINERvA/CCDIS/CCDIS_Pb208_CH_ratio_Enu_syst.csv
[35m[LOG Sample]:-- [0mLoading Sample : MINERvA_CCDIS_XSec_1DEnu_Pb208_CH_NUM
[35m[LOG Sample]:-- [0mEvent manager already contains gntp.MINERvA_fhc_numu.Pb.2500000.6.ghep.root
[35m[LOG Sample]:-- [0mFinalising Sample Settings: MINERvA_CCDIS_XSec_1DEnu_Pb208_CH_NUM
[35m[LOG Sample]:-- [0m::MINERvA_CCDIS_XSec_1DEnu_Pb208_CH_NUM::
[35m[LOG Sample]:-- [0mFound XSec Enu measurement, applying flux integrated scaling, not flux averaged!
[35m[LOG Sample]:-- [0mFinalising Measurement: MINERvA_CCDIS_XSec_1DEnu_Pb208_CH_NUM
[35m[LOG Sample]:-- [0mSetting diagonal covariance for: MINERvA_CCDIS_XSec_1DEnu_Pb208_CH_NUM_data
[35m[LOG Sample]:-- [0mLoading Sample : MINERvA_CCDIS_XSec_1DEnu_Pb208_CH_DEN
[35m[LOG Sample]:-- [0mEvent manager already contains gntp.MINERvA_fhc_numu.CH.2500000.1.ghep.root
[35m[LOG Sample]:-- [0mFinalising Sample Settings: MINERvA_CCDIS_XSec_1DEnu_Pb208_CH_DEN
[35m[LOG Sample]:-- [0m::MINERvA_CCDIS_XSec_1DEnu_Pb208_CH_DEN::
[35m[LOG Sample]:-- [0mFound XSec Enu measurement, applying flux integrated scaling, not flux averaged!
[35m[LOG Sample]:-- [0mFinalising Measurement: MINERvA_CCDIS_XSec_1DEnu_Pb208_CH_DEN
[35m[LOG Sample]:-- [0mSetting diagonal covariance for: MINERvA_CCDIS_XSec_1DEnu_Pb208_CH_DEN_data
[35m[LOG Sample]:-- [0mFinalising Measurement: MINERvA_CCDIS_XSec_1DEnu_ratio_Pb208_CH
[1m[32m[LOG Fitter]: [0mRunning ComparisonRoutines : Compare
[1m[32m[LOG Fitter]: [0mRoutine: Compare
[1m[32m[LOG Fitter]: [0mGenerating Comparison.
[34m[LOG Reconf]:--- [0mStarting Reconfigure iter. 0
[34m[LOG Reconf]:--- [0mEvent Manager Reconfigure
[34m[LOG Reconf]:--- [0mMINERvA_CCQE_XSec_1DQ2_nu : Processed 0 events. [M, W] = [11, 1]
[34m[LOG Reconf]:--- [0mMINERvA_CCQE_XSec_1DQ2_nu : Processed 500000 events. [M, W] = [26, 1]
[34m[LOG Reconf]:--- [0mMINERvA_CCQE_XSec_1DQ2_nu : Processed 1000000 events. [M, W] = [41, 1]
[34m[LOG Reconf]:--- [0mMINERvA_CCQE_XSec_1DQ2_nu : Processed 1500000 events. [M, W] = [2, 1]
[34m[LOG Reconf]:--- [0mMINERvA_CCQE_XSec_1DQ2_nu : Processed 2000000 events. [M, W] = [1, 1]
[34m[LOG Reconf]:--- [0mMINERvA_CCQE_XSec_1DQ2_antinu : Processed 0 events. [M, W] = [-12, 1]
[34m[LOG Reconf]:--- [0mMINERvA_CCQE_XSec_1DQ2_antinu : Processed 500000 events. [M, W] = [-13, 1]
[34m[LOG Reconf]:--- [0mMINERvA_CCQE_XSec_1DQ2_antinu : Processed 1000000 events. [M, W] = [-32, 1]
[34m[LOG Reconf]:--- [0mMINERvA_CCQE_XSec_1DQ2_antinu : Processed 1500000 events. [M, W] = [-1, 1]
[34m[LOG Reconf]:--- [0mMINERvA_CCQE_XSec_1DQ2_antinu : Processed 2000000 events. [M, W] = [-1, 1]
[34m[LOG Reconf]:--- [0mMINERvA_CC0pi_XSec_1DQ2_TgtC_nu : Processed 0 events. [M, W] = [11, 1]
[34m[LOG Reconf]:--- [0mMINERvA_CC0pi_XSec_1DQ2_TgtC_nu : Processed 500000 events. [M, W] = [1, 1]
[34m[LOG Reconf]:--- [0mMINERvA_CC0pi_XSec_1DQ2_TgtC_nu : Processed 1000000 events. [M, W] = [2, 1]
[34m[LOG Reconf]:--- [0mMINERvA_CC0pi_XSec_1DQ2_TgtC_nu : Processed 1500000 events. [M, W] = [13, 1]
[34m[LOG Reconf]:--- [0mMINERvA_CC0pi_XSec_1DQ2_TgtC_nu : Processed 2000000 events. [M, W] = [41, 1]
[34m[LOG Reconf]:--- [0mMINERvA_CC0pi_XSec_1DQ2_TgtFe_nu : Processed 0 events. [M, W] = [11, 1]
[34m[LOG Reconf]:--- [0mMINERvA_CC0pi_XSec_1DQ2_TgtFe_nu : Processed 500000 events. [M, W] = [21, 1]
[34m[LOG Reconf]:--- [0mMINERvA_CC0pi_XSec_1DQ2_TgtFe_nu : Processed 1000000 events. [M, W] = [11, 1]
[34m[LOG Reconf]:--- [0mMINERvA_CC0pi_XSec_1DQ2_TgtFe_nu : Processed 1500000 events. [M, W] = [13, 1]
[34m[LOG Reconf]:--- [0mMINERvA_CC0pi_XSec_1DQ2_TgtFe_nu : Processed 2000000 events. [M, W] = [26, 1]
[34m[LOG Reconf]:--- [0mMINERvA_CC0pi_XSec_1DQ2_TgtPb_nu : Processed 0 events. [M, W] = [11, 1]
[34m[LOG Reconf]:--- [0mMINERvA_CC0pi_XSec_1DQ2_TgtPb_nu : Processed 500000 events. [M, W] = [1, 1]
[34m[LOG Reconf]:--- [0mMINERvA_CC0pi_XSec_1DQ2_TgtPb_nu : Processed 1000000 events. [M, W] = [26, 1]
[34m[LOG Reconf]:--- [0mMINERvA_CC0pi_XSec_1DQ2_TgtPb_nu : Processed 1500000 events. [M, W] = [34, 1]
[34m[LOG Reconf]:--- [0mMINERvA_CC0pi_XSec_1DQ2_TgtPb_nu : Processed 2000000 events. [M, W] = [11, 1]
[34m[LOG Reconf]:--- [0mMINERvA_CC0pi_XSec_1DEe_nue : Processed 0 events. [M, W] = [26, 1]
[34m[LOG Reconf]:--- [0mMINERvA_CC0pi_XSec_1DEe_nue : Processed 500000 events. [M, W] = [26, 1]
[34m[LOG Reconf]:--- [0mMINERvA_CC0pi_XSec_1DEe_nue : Processed 1000000 events. [M, W] = [26, 1]
[34m[LOG Reconf]:--- [0mMINERvA_CC0pi_XSec_1DEe_nue : Processed 1500000 events. [M, W] = [21, 1]
[34m[LOG Reconf]:--- [0mMINERvA_CC0pi_XSec_1DEe_nue : Processed 2000000 events. [M, W] = [26, 1]
Adding MIN_anu_MC 1 : 1 7.31101e-39
Adding MIN_anu_MC 2 : 2 9.94709e-39
Adding MIN_anu_MC 3 : 3 1.17016e-38
Adding MIN_anu_MC 4 : 4 1.15233e-38
Adding MIN_anu_MC 5 : 5 8.49277e-39
Adding MIN_anu_MC 6 : 6 4.06262e-39
Adding MIN_anu_MC 7 : 7 1.47906e-39
Adding MIN_anu_MC 8 : 8 4.31136e-40
Adding MIN_nu_MC 9 : 1 8.4419e-39
Adding MIN_nu_MC 10 : 2 1.1673e-38
Adding MIN_nu_MC 11 : 3 1.40262e-38
Adding MIN_nu_MC 12 : 4 1.51616e-38
Adding MIN_nu_MC 13 : 5 1.3291e-38
Adding MIN_nu_MC 14 : 6 7.90255e-39
Adding MIN_nu_MC 15 : 7 3.68646e-39
Adding MIN_nu_MC 16 : 8 1.42203e-39
Adding MIN_anu_MC 1 : 1 7.31101e-39
Adding MIN_anu_MC 2 : 2 9.94709e-39
Adding MIN_anu_MC 3 : 3 1.17016e-38
Adding MIN_anu_MC 4 : 4 1.15233e-38
Adding MIN_anu_MC 5 : 5 8.28357e-39
Adding MIN_anu_MC 6 : 6 3.42543e-39
Adding MIN_anu_MC 7 : 7 9.28763e-40
Adding MIN_anu_MC 8 : 8 1.63105e-40
Adding MIN_nu_MC 9 : 1 8.4419e-39
Adding MIN_nu_MC 10 : 2 1.1673e-38
Adding MIN_nu_MC 11 : 3 1.40262e-38
Adding MIN_nu_MC 12 : 4 1.51616e-38
Adding MIN_nu_MC 13 : 5 1.2871e-38
Adding MIN_nu_MC 14 : 6 6.37599e-39
Adding MIN_nu_MC 15 : 7 2.0863e-39
Adding MIN_nu_MC 16 : 8 4.31505e-40
[34m[LOG Reconf]:--- [0mFilled 25180710 signal events.
[34m[LOG Reconf]:--- [0mTime taken ReconfigureUsingManager() : 2545
[1m[34m[LOG Minmzr]:- [0mFinished Reconfigure iter. 0 in 2545s
[1m[32m[LOG Fitter]: [0m------------
[1m[32m[LOG Fitter]: [0m #    Parameter  = Value      +- Error      (Units)  Conv. Val  +- Conv. Err  (Units) 
[1m[32m[LOG Fitter]: [0m------------
[1m[34m[LOG Minmzr]:- [0mGetting likelihoods...                      : -2logL
[1m[34m[LOG Minmzr]:- [0m-> MINERvA_CCQE_XSec_1DQ2_nu                : 113.589/8
[1m[34m[LOG Minmzr]:- [0m-> MINERvA_CCQE_XSec_1DQ2_nu_20deg          : 41.9027/8
[1m[34m[LOG Minmzr]:- [0m-> MINERvA_CCQE_XSec_1DQ2_antinu            : 16.5646/8
[1m[34m[LOG Minmzr]:- [0m-> MINERvA_CCQE_XSec_1DQ2_antinu_20deg      : 17.583/8
[1m[34m[LOG Minmzr]:- [0m-> MINERvA_CCQE_XSec_1DQ2_joint             : 459.929/16
[1m[34m[LOG Minmzr]:- [0m-> MINERvA_CCQE_XSec_1DQ2_joint_20deg       : 52.1671/16
[1m[34m[LOG Minmzr]:- [0m-> MINERvA_CC0pi_XSec_1DQ2_TgtCH_nu         : 6.59394/5
[1m[34m[LOG Minmzr]:- [0m-> MINERvA_CC0pi_XSec_1DQ2_TgtC_nu          : 8.22427/5
[1m[34m[LOG Minmzr]:- [0m-> MINERvA_CC0pi_XSec_1DQ2_TgtFe_nu         : 13.6305/5
[1m[34m[LOG Minmzr]:- [0m-> MINERvA_CC0pi_XSec_1DQ2_TgtPb_nu         : 22.2478/5
[1m[34m[LOG Minmzr]:- [0m-> MINERvA_CC0pi_XSec_1DQ2_TgtRatioC_nu     : 120.915/5
[1m[34m[LOG Minmzr]:- [0m-> MINERvA_CC0pi_XSec_1DQ2_TgtRatioFe_nu    : 10.6743/5
[1m[34m[LOG Minmzr]:- [0m-> MINERvA_CC0pi_XSec_1DQ2_TgtRatioPb_nu    : 23.1857/5
[1m[34m[LOG Minmzr]:- [0m-> MINERvA_CC0pi_XSec_1DEe_nue              : 53.5171/11
[1m[34m[LOG Minmzr]:- [0m-> MINERvA_CC0pi_XSec_1DQ2_nue              : 27.6117/9
[1m[34m[LOG Minmzr]:- [0m-> MINERvA_CC0pi_XSec_1DThetae_nue          : 62.4256/15
[1m[34m[LOG Minmzr]:- [0m-> MINERvA_CC1pip_XSec_1Dpmu_nu_2017        : 28.2766/8
[1m[34m[LOG Minmzr]:- [0m-> MINERvA_CC1pip_XSec_1DTpi_nu_2017        : 26.5615/7
[1m[34m[LOG Minmzr]:- [0m-> MINERvA_CC1pip_XSec_1Dth_nu_2017         : 223.204/14
[1m[34m[LOG Minmzr]:- [0m-> MINERvA_CC1pip_XSec_1Dthmu_nu_2017       : 34.0515/9
[1m[34m[LOG Minmzr]:- [0m-> MINERvA_CC1pip_XSec_1DQ2_nu_2017         : 22.6842/8
[1m[34m[LOG Minmzr]:- [0m-> MINERvA_CC1pip_XSec_1DEnu_nu_2017        : 14.7629/8
[1m[34m[LOG Minmzr]:- [0m-> MINERvA_CCNpip_XSec_1Dpmu_nu             : 54.8187/9
[1m[34m[LOG Minmzr]:- [0m-> MINERvA_CCNpip_XSec_1Dth_nu_2016         : 77.0127/14
[1m[34m[LOG Minmzr]:- [0m-> MINERvA_CCNpip_XSec_1DTpi_nu_2016        : 43.1094/7
[1m[34m[LOG Minmzr]:- [0m-> MINERvA_CCNpip_XSec_1Dthmu_nu            : 27.4831/9
[1m[34m[LOG Minmzr]:- [0m-> MINERvA_CCNpip_XSec_1DQ2_nu              : 29.7142/8
[1m[34m[LOG Minmzr]:- [0m-> MINERvA_CCNpip_XSec_1DEnu_nu             : 35.662/8
[1m[34m[LOG Minmzr]:- [0m-> MINERvA_CC1pi0_XSec_1Dth_antinu_2016     : 45.8563/11
[1m[34m[LOG Minmzr]:- [0m-> MINERvA_CC1pi0_XSec_1DTpi0_antinu        : 154.876/7
[1m[34m[LOG Minmzr]:- [0m-> MINERvA_CC1pi0_XSec_1DQ2_antinu          : 122.568/8
[1m[34m[LOG Minmzr]:- [0m-> MINERvA_CC1pi0_XSec_1Dthmu_antinu        : 98.445/9
[1m[34m[LOG Minmzr]:- [0m-> MINERvA_CC1pi0_XSec_1Dpmu_antinu         : 35.848/9
[1m[34m[LOG Minmzr]:- [0m-> MINERvA_CC1pi0_XSec_1DEnu_antinu         : 33.5308/8
[1m[34m[LOG Minmzr]:- [0m-> MINERvA_CCinc_XSec_2DEavq3_nu            : 900.18/67
[1m[34m[LOG Minmzr]:- [0m-> MINERvA_CCinc_XSec_1Dx_ratio_C12_CH      : 6.53953/6
[1m[34m[LOG Minmzr]:- [0m-> MINERvA_CCinc_XSec_1Dx_ratio_Fe56_CH     : 25.1207/6
[1m[34m[LOG Minmzr]:- [0m-> MINERvA_CCinc_XSec_1Dx_ratio_Pb208_CH    : 76.1053/6
[1m[34m[LOG Minmzr]:- [0m-> MINERvA_CCinc_XSec_1DEnu_ratio_C12_CH    : 16.4359/8
[1m[34m[LOG Minmzr]:- [0m-> MINERvA_CCinc_XSec_1DEnu_ratio_Fe56_CH   : 9.47108/8
[1m[34m[LOG Minmzr]:- [0m-> MINERvA_CCinc_XSec_1DEnu_ratio_Pb208_CH  : 5.52327/8
[1m[34m[LOG Minmzr]:- [0m-> MINERvA_CCCOHPI_XSec_1DEpi_nu            : -460.467/9
[1m[34m[LOG Minmzr]:- [0m-> MINERvA_CCCOHPI_XSec_1Dth_nu             : 34.5361/12
[1m[34m[LOG Minmzr]:- [0m-> MINERvA_CCCOHPI_XSec_1DEnu_nu            : 32312.2/9
[1m[34m[LOG Minmzr]:- [0m-> MINERvA_CCCOHPI_XSec_1DEpi_antinu        : 11.6197/9
[1m[34m[LOG Minmzr]:- [0m-> MINERvA_CCCOHPI_XSec_1Dth_antinu         : 15.2021/12
[1m[34m[LOG Minmzr]:- [0m-> MINERvA_CCCOHPI_XSec_1DEnu_antinu        : 24.2919/9
[1m[34m[LOG Minmzr]:- [0m-> MINERvA_CCDIS_XSec_1Dx_ratio_C12_CH      : 5.21542/5
[1m[34m[LOG Minmzr]:- [0m-> MINERvA_CCDIS_XSec_1Dx_ratio_Fe56_CH     : 4.62822/5
[1m[34m[LOG Minmzr]:- [0m-> MINERvA_CCDIS_XSec_1Dx_ratio_Pb208_CH    : 5.2502/5
[1m[34m[LOG Minmzr]:- [0m-> MINERvA_CCDIS_XSec_1DEnu_ratio_C12_CH    : 4.08888/7
[1m[34m[LOG Minmzr]:- [0m-> MINERvA_CCDIS_XSec_1DEnu_ratio_Fe56_CH   : 7.19112/7
[1m[34m[LOG Minmzr]:- [0m-> MINERvA_CCDIS_XSec_1DEnu_ratio_Pb208_CH  : 10.9922/7
[1m[32m[LOG Fitter]: [0mLikelihood for JointFCN:                      35173.3
[1m[32m[LOG Fitter]: [0m------------
[1m[32m[LOG Fitter]: [0mSaving current full FCN predictions
[1m[34m[LOG Minmzr]:- [0mWriting likelihood plot..
[1m[34m[LOG Minmzr]:- [0mWriting each of the data classes...
[35m[LOG Sample]:-- [0mWritten Histograms: MINERvA_CCQE_XSec_1DQ2_nu
[35m[LOG Sample]:-- [0mWritten Histograms: MINERvA_CCQE_XSec_1DQ2_nu_20deg
[35m[LOG Sample]:-- [0mWritten Histograms: MINERvA_CCQE_XSec_1DQ2_antinu
[35m[LOG Sample]:-- [0mWritten Histograms: MINERvA_CCQE_XSec_1DQ2_antinu_20deg
[35m[LOG Sample]:-- [0mWritten Histograms: MINERvA_CCQE_XSec_1DQ2_antinu_newflux
[35m[LOG Sample]:-- [0mWritten Histograms: MINERvA_CCQE_XSec_1DQ2_nu_newflux
[35m[LOG Sample]:-- [0mWritten Histograms: MINERvA_CCQE_XSec_1DQ2_joint
[35m[LOG Sample]:-- [0mWritten Histograms: MINERvA_CCQE_XSec_1DQ2_antinu_20deg_newflux
[35m[LOG Sample]:-- [0mWritten Histograms: MINERvA_CCQE_XSec_1DQ2_nu_20deg_newflux
[35m[LOG Sample]:-- [0mWritten Histograms: MINERvA_CCQE_XSec_1DQ2_joint_20deg
[35m[LOG Sample]:-- [0mWritten Histograms: MINERvA_CC0pi_XSec_1DQ2_TgtCH_nu
[35m[LOG Sample]:-- [0mWritten Histograms: MINERvA_CC0pi_XSec_1DQ2_TgtC_nu
[35m[LOG Sample]:-- [0mWritten Histograms: MINERvA_CC0pi_XSec_1DQ2_TgtFe_nu
[35m[LOG Sample]:-- [0mWritten Histograms: MINERvA_CC0pi_XSec_1DQ2_TgtPb_nu
[35m[LOG Sample]:-- [0mWritten Histograms: MINERvA_CC0pi_XSec_1DQ2_TgtRatioC_nu
[35m[LOG Sample]:-- [0mWritten Histograms: MINERvA_CC0pi_XSec_1DQ2_TgtRatioFe_nu
[35m[LOG Sample]:-- [0mWritten Histograms: MINERvA_CC0pi_XSec_1DQ2_TgtRatioPb_nu
[35m[LOG Sample]:-- [0mWritten Histograms: MINERvA_CC0pi_XSec_1DEe_nue
[35m[LOG Sample]:-- [0mWritten Histograms: MINERvA_CC0pi_XSec_1DQ2_nue
[35m[LOG Sample]:-- [0mWritten Histograms: MINERvA_CC0pi_XSec_1DThetae_nue
[35m[LOG Sample]:-- [0mWritten Histograms: MINERvA_CC1pip_XSec_1Dpmu_nu_2017
[35m[LOG Sample]:-- [0mWritten Histograms: MINERvA_CC1pip_XSec_1DTpi_nu_2017
[35m[LOG Sample]:-- [0mWritten Histograms: MINERvA_CC1pip_XSec_1Dth_nu_2017
[35m[LOG Sample]:-- [0mWritten Histograms: MINERvA_CC1pip_XSec_1Dthmu_nu_2017
[35m[LOG Sample]:-- [0mWritten Histograms: MINERvA_CC1pip_XSec_1DQ2_nu_2017
[35m[LOG Sample]:-- [0mWritten Histograms: MINERvA_CC1pip_XSec_1DEnu_nu_2017
[35m[LOG Sample]:-- [0mWritten Histograms: MINERvA_CCNpip_XSec_1Dpmu_nu
[35m[LOG Sample]:-- [0mWritten Histograms: MINERvA_CCNpip_XSec_1Dth_nu_2016
[35m[LOG Sample]:-- [0mWritten Histograms: MINERvA_CCNpip_XSec_1DTpi_nu_2016
[35m[LOG Sample]:-- [0mWritten Histograms: MINERvA_CCNpip_XSec_1Dthmu_nu
[35m[LOG Sample]:-- [0mWritten Histograms: MINERvA_CCNpip_XSec_1DQ2_nu
[35m[LOG Sample]:-- [0mWritten Histograms: MINERvA_CCNpip_XSec_1DEnu_nu
[35m[LOG Sample]:-- [0mWritten Histograms: MINERvA_CC1pi0_XSec_1Dth_antinu_2016
[35m[LOG Sample]:-- [0mWritten Histograms: MINERvA_CC1pi0_XSec_1DTpi0_antinu
[35m[LOG Sample]:-- [0mWritten Histograms: MINERvA_CC1pi0_XSec_1DQ2_antinu
[35m[LOG Sample]:-- [0mWritten Histograms: MINERvA_CC1pi0_XSec_1Dthmu_antinu
[35m[LOG Sample]:-- [0mWritten Histograms: MINERvA_CC1pi0_XSec_1Dpmu_antinu
[35m[LOG Sample]:-- [0mWritten Histograms: MINERvA_CC1pi0_XSec_1DEnu_antinu
[35m[LOG Sample]:-- [0mWritten Histograms: MINERvA_CCinc_XSec_2DEavq3_nu
[35m[LOG Sample]:-- [0mWritten Histograms: MINERvA_CCinc_XSec_1Dx_ratio_C12_CH
[35m[LOG Sample]:-- [0mWritten Histograms: MINERvA_CCinc_XSec_1Dx_ratio_Fe56_CH
[35m[LOG Sample]:-- [0mWritten Histograms: MINERvA_CCinc_XSec_1Dx_ratio_Pb208_CH
[35m[LOG Sample]:-- [0mWritten Histograms: MINERvA_CCinc_XSec_1DEnu_ratio_C12_CH
[35m[LOG Sample]:-- [0mWritten Histograms: MINERvA_CCinc_XSec_1DEnu_ratio_Fe56_CH
[35m[LOG Sample]:-- [0mWritten Histograms: MINERvA_CCinc_XSec_1DEnu_ratio_Pb208_CH
[35m[LOG Sample]:-- [0mWritten Histograms: MINERvA_CCCOHPI_XSec_1DEpi_nu
[35m[LOG Sample]:-- [0mWritten Histograms: MINERvA_CCCOHPI_XSec_1Dth_nu
[35m[LOG Sample]:-- [0mWritten Histograms: MINERvA_CCCOHPI_XSec_1DEnu_nu
[35m[LOG Sample]:-- [0mWritten Histograms: MINERvA_CCCOHPI_XSec_1DEpi_antinu
[35m[LOG Sample]:-- [0mWritten Histograms: MINERvA_CCCOHPI_XSec_1Dth_antinu
[35m[LOG Sample]:-- [0mWritten Histograms: MINERvA_CCCOHPI_XSec_1DEnu_antinu
[35m[LOG Sample]:-- [0mWritten Histograms: MINERvA_CCDIS_XSec_1Dx_ratio_C12_CH
[35m[LOG Sample]:-- [0mWritten Histograms: MINERvA_CCDIS_XSec_1Dx_ratio_Fe56_CH
[35m[LOG Sample]:-- [0mWritten Histograms: MINERvA_CCDIS_XSec_1Dx_ratio_Pb208_CH
[35m[LOG Sample]:-- [0mWritten Histograms: MINERvA_CCDIS_XSec_1DEnu_ratio_C12_CH
[35m[LOG Sample]:-- [0mWritten Histograms: MINERvA_CCDIS_XSec_1DEnu_ratio_Fe56_CH
[35m[LOG Sample]:-- [0mWritten Histograms: MINERvA_CCDIS_XSec_1DEnu_ratio_Pb208_CH
[1m[32m[LOG Fitter]: [0m------------------------------------ -
[1m[32m[LOG Fitter]: [0mComparison Complete.
[1m[32m[LOG Fitter]: [0m------------------------------------ -
